0 silly input [ 'publish' ]
1 silly flags { _: [ 'publish' ],
1 silly flags   'reject-cycles': false,
1 silly flags   rejectCycles: false,
1 silly flags   'force-publish': 'eslint-plugin-iot-course',
1 silly flags   forcePublish: 'eslint-plugin-iot-course' }
2 verbose rootPath /Users/joe/Build/iot-course/.org
3 info version 2.8.0
4 silly isInitialized
5 silly isInitialized true
6 silly existsSync /Users/joe/Build/iot-course/.org/VERSION
7 silly initialize attempt
8 info current version 0.0.1
9 silly isDetachedHead
10 silly getCurrentBranch
11 verbose getCurrentBranch master
12 verbose isDetachedHead false
13 silly getCurrentBranch
14 verbose getCurrentBranch master
15 silly getUpdates
16 info Checking for updated packages...
17 silly hasTags
18 verbose hasTags true
19 silly getLastTag
20 verbose getLastTag v0.0.1
21 info Comparing with v0.0.1.
22 silly diffSinceIn v0.0.1 packages/component-docs-2md
23 silly diff packages/component-docs-2md/.gitignore
23 silly diff packages/component-docs-2md/docs/component-docs.md
23 silly diff packages/component-docs-2md/index.js
23 silly diff packages/component-docs-2md/package-lock.json
23 silly diff packages/component-docs-2md/package.json
23 silly diff packages/component-docs-2md/readme.md
23 silly diff packages/component-docs-2md/stub-components/Component1.js
23 silly diff packages/component-docs-2md/stub-components/Component2.js
23 silly diff packages/component-docs-2md/stub-components/atomics.js
23 silly diff packages/component-docs-2md/test.js
24 silly diffSinceIn v0.0.1 packages/crowdPay
25 silly diff packages/crowdPay/.eslintrc.json
25 silly diff packages/crowdPay/.gitignore
25 silly diff packages/crowdPay/configs/dynamodb.yml
25 silly diff packages/crowdPay/docs/lambda-docs.md
25 silly diff packages/crowdPay/lib/issueEvent.js
25 silly diff packages/crowdPay/lib/pay.js
25 silly diff packages/crowdPay/package-lock.json
25 silly diff packages/crowdPay/package.json
25 silly diff packages/crowdPay/readme.md
25 silly diff packages/crowdPay/serverless.yml
25 silly diff packages/crowdPay/tests/issueEvent.json
25 silly diff packages/crowdPay/tests/issueEvent.test.js
25 silly diff packages/crowdPay/tests/utils.js
26 silly diffSinceIn v0.0.1 packages/lambda-docs-2md
27 silly diff packages/lambda-docs-2md/.eslintrc.json
27 silly diff packages/lambda-docs-2md/.gitignore
27 silly diff packages/lambda-docs-2md/docs/lambda-docs.md
27 silly diff packages/lambda-docs-2md/eslint-plugin/README.md
27 silly diff packages/lambda-docs-2md/eslint-plugin/lib/index.js
27 silly diff packages/lambda-docs-2md/eslint-plugin/lib/rules/arrow-expressions.js
27 silly diff packages/lambda-docs-2md/eslint-plugin/lib/rules/no-promises.js
27 silly diff packages/lambda-docs-2md/eslint-plugin/package.json
27 silly diff packages/lambda-docs-2md/eslint-plugin/tests/lib/rules/arrow-expressions-test.js
27 silly diff packages/lambda-docs-2md/eslint-plugin/tests/lib/rules/no-promises-test.js
27 silly diff packages/lambda-docs-2md/eslint-plugin/yarn.lock
27 silly diff packages/lambda-docs-2md/index.js
27 silly diff packages/lambda-docs-2md/metro-eslint/README.md
27 silly diff packages/lambda-docs-2md/metro-eslint/package.json
27 silly diff packages/lambda-docs-2md/metro-eslint/rn-babelrc.json
27 silly diff packages/lambda-docs-2md/metro-eslint/src/Assets/index.js
27 silly diff packages/lambda-docs-2md/metro-eslint/src/Assets/index.js.flow
27 silly diff packages/lambda-docs-2md/metro-eslint/src/Bundler/index.js
27 silly diff packages/lambda-docs-2md/metro-eslint/src/Bundler/index.js.flow
27 silly diff packages/lambda-docs-2md/metro-eslint/src/Bundler/util.js
27 silly diff packages/lambda-docs-2md/metro-eslint/src/Bundler/util.js.flow
27 silly diff packages/lambda-docs-2md/metro-eslint/src/Config.js
27 silly diff packages/lambda-docs-2md/metro-eslint/src/Config.js.flow
27 silly diff packages/lambda-docs-2md/metro-eslint/src/DeltaBundler/DeltaCalculator.js
27 silly diff packages/lambda-docs-2md/metro-eslint/src/DeltaBundler/DeltaCalculator.js.flow
27 silly diff packages/lambda-docs-2md/metro-eslint/src/DeltaBundler/DeltaPatcher.js
27 silly diff packages/lambda-docs-2md/metro-eslint/src/DeltaBundler/DeltaPatcher.js.flow
27 silly diff packages/lambda-docs-2md/metro-eslint/src/DeltaBundler/DeltaTransformer.js
27 silly diff packages/lambda-docs-2md/metro-eslint/src/DeltaBundler/DeltaTransformer.js.flow
27 silly diff packages/lambda-docs-2md/metro-eslint/src/DeltaBundler/Serializers.js
27 silly diff packages/lambda-docs-2md/metro-eslint/src/DeltaBundler/Serializers.js.flow
27 silly diff packages/lambda-docs-2md/metro-eslint/src/DeltaBundler/index.js
27 silly diff packages/lambda-docs-2md/metro-eslint/src/DeltaBundler/index.js.flow
27 silly diff packages/lambda-docs-2md/metro-eslint/src/DeltaBundler/traverseDependencies.js
27 silly diff packages/lambda-docs-2md/metro-eslint/src/DeltaBundler/traverseDependencies.js.flow
27 silly diff packages/lambda-docs-2md/metro-eslint/src/HmrServer/getBundlingOptionsForHmr.js
27 silly diff packages/lambda-docs-2md/metro-eslint/src/HmrServer/getBundlingOptionsForHmr.js.flow
27 silly diff packages/lambda-docs-2md/metro-eslint/src/HmrServer/index.js
27 silly diff packages/lambda-docs-2md/metro-eslint/src/HmrServer/index.js.flow
27 silly diff packages/lambda-docs-2md/metro-eslint/src/JSTransformer/README.md
27 silly diff packages/lambda-docs-2md/metro-eslint/src/JSTransformer/index.js
27 silly diff packages/lambda-docs-2md/metro-eslint/src/JSTransformer/index.js.flow
27 silly diff packages/lambda-docs-2md/metro-eslint/src/JSTransformer/worker/constant-folding.js
27 silly diff packages/lambda-docs-2md/metro-eslint/src/JSTransformer/worker/constant-folding.js.flow
27 silly diff packages/lambda-docs-2md/metro-eslint/src/JSTransformer/worker/index.js
27 silly diff packages/lambda-docs-2md/metro-eslint/src/JSTransformer/worker/index.js.flow
27 silly diff packages/lambda-docs-2md/metro-eslint/src/JSTransformer/worker/inline-platform.js
27 silly diff packages/lambda-docs-2md/metro-eslint/src/JSTransformer/worker/inline-platform.js.flow
27 silly diff packages/lambda-docs-2md/metro-eslint/src/JSTransformer/worker/inline.js
27 silly diff packages/lambda-docs-2md/metro-eslint/src/JSTransformer/worker/inline.js.flow
27 silly diff packages/lambda-docs-2md/metro-eslint/src/JSTransformer/worker/minify.js
27 silly diff packages/lambda-docs-2md/metro-eslint/src/JSTransformer/worker/minify.js.flow
27 silly diff packages/lambda-docs-2md/metro-eslint/src/ModuleGraph/Graph.js
27 silly diff packages/lambda-docs-2md/metro-eslint/src/ModuleGraph/Graph.js.flow
27 silly diff packages/lambda-docs-2md/metro-eslint/src/ModuleGraph/ModuleGraph.js
27 silly diff packages/lambda-docs-2md/metro-eslint/src/ModuleGraph/ModuleGraph.js.flow
27 silly diff packages/lambda-docs-2md/metro-eslint/src/ModuleGraph/build.js
27 silly diff packages/lambda-docs-2md/metro-eslint/src/ModuleGraph/build.js.flow
27 silly diff packages/lambda-docs-2md/metro-eslint/src/ModuleGraph/module.js
27 silly diff packages/lambda-docs-2md/metro-eslint/src/ModuleGraph/module.js.flow
27 silly diff packages/lambda-docs-2md/metro-eslint/src/ModuleGraph/node-haste/HasteFS.js
27 silly diff packages/lambda-docs-2md/metro-eslint/src/ModuleGraph/node-haste/HasteFS.js.flow
27 silly diff packages/lambda-docs-2md/metro-eslint/src/ModuleGraph/node-haste/Module.js
27 silly diff packages/lambda-docs-2md/metro-eslint/src/ModuleGraph/node-haste/Module.js.flow
27 silly diff packages/lambda-docs-2md/metro-eslint/src/ModuleGraph/node-haste/ModuleCache.js
27 silly diff packages/lambda-docs-2md/metro-eslint/src/ModuleGraph/node-haste/ModuleCache.js.flow
27 silly diff packages/lambda-docs-2md/metro-eslint/src/ModuleGraph/node-haste/Package.js
27 silly diff packages/lambda-docs-2md/metro-eslint/src/ModuleGraph/node-haste/Package.js.flow
27 silly diff packages/lambda-docs-2md/metro-eslint/src/ModuleGraph/node-haste/node-haste.flow.js
27 silly diff packages/lambda-docs-2md/metro-eslint/src/ModuleGraph/node-haste/node-haste.flow.js.flow
27 silly diff packages/lambda-docs-2md/metro-eslint/src/ModuleGraph/node-haste/node-haste.js
27 silly diff packages/lambda-docs-2md/metro-eslint/src/ModuleGraph/node-haste/node-haste.js.flow
27 silly diff packages/lambda-docs-2md/metro-eslint/src/ModuleGraph/node-haste/package.json
27 silly diff packages/lambda-docs-2md/metro-eslint/src/ModuleGraph/output/dependencies-dot.js
27 silly diff packages/lambda-docs-2md/metro-eslint/src/ModuleGraph/output/dependencies-dot.js.flow
27 silly diff packages/lambda-docs-2md/metro-eslint/src/ModuleGraph/output/indexed-ram-bundle.js
27 silly diff packages/lambda-docs-2md/metro-eslint/src/ModuleGraph/output/indexed-ram-bundle.js.flow
27 silly diff packages/lambda-docs-2md/metro-eslint/src/ModuleGraph/output/multiple-files-ram-bundle.js
27 silly diff packages/lambda-docs-2md/metro-eslint/src/ModuleGraph/output/multiple-files-ram-bundle.js.flow
27 silly diff packages/lambda-docs-2md/metro-eslint/src/ModuleGraph/output/plain-bundle.js
27 silly diff packages/lambda-docs-2md/metro-eslint/src/ModuleGraph/output/plain-bundle.js.flow
27 silly diff packages/lambda-docs-2md/metro-eslint/src/ModuleGraph/output/source-map.js
27 silly diff packages/lambda-docs-2md/metro-eslint/src/ModuleGraph/output/source-map.js.flow
27 silly diff packages/lambda-docs-2md/metro-eslint/src/ModuleGraph/output/util.js
27 silly diff packages/lambda-docs-2md/metro-eslint/src/ModuleGraph/output/util.js.flow
27 silly diff packages/lambda-docs-2md/metro-eslint/src/ModuleGraph/package.json
27 silly diff packages/lambda-docs-2md/metro-eslint/src/ModuleGraph/silent-console.js
27 silly diff packages/lambda-docs-2md/metro-eslint/src/ModuleGraph/silent-console.js.flow
27 silly diff packages/lambda-docs-2md/metro-eslint/src/ModuleGraph/test-helpers.js
27 silly diff packages/lambda-docs-2md/metro-eslint/src/ModuleGraph/types.flow.js
27 silly diff packages/lambda-docs-2md/metro-eslint/src/ModuleGraph/types.flow.js.flow
27 silly diff packages/lambda-docs-2md/metro-eslint/src/ModuleGraph/worker.js
27 silly diff packages/lambda-docs-2md/metro-eslint/src/ModuleGraph/worker.js.flow
27 silly diff packages/lambda-docs-2md/metro-eslint/src/ModuleGraph/worker/JsFileWrapping.js
27 silly diff packages/lambda-docs-2md/metro-eslint/src/ModuleGraph/worker/JsFileWrapping.js.flow
27 silly diff packages/lambda-docs-2md/metro-eslint/src/ModuleGraph/worker/Platforms.js
27 silly diff packages/lambda-docs-2md/metro-eslint/src/ModuleGraph/worker/Platforms.js.flow
27 silly diff packages/lambda-docs-2md/metro-eslint/src/ModuleGraph/worker/collectDependencies.js
27 silly diff packages/lambda-docs-2md/metro-eslint/src/ModuleGraph/worker/collectDependencies.js.flow
27 silly diff packages/lambda-docs-2md/metro-eslint/src/ModuleGraph/worker/generate.js
27 silly diff packages/lambda-docs-2md/metro-eslint/src/ModuleGraph/worker/generate.js.flow
27 silly diff packages/lambda-docs-2md/metro-eslint/src/ModuleGraph/worker/optimize-module.js
27 silly diff packages/lambda-docs-2md/metro-eslint/src/ModuleGraph/worker/optimize-module.js.flow
27 silly diff packages/lambda-docs-2md/metro-eslint/src/ModuleGraph/worker/optimizeDependencies.js
27 silly diff packages/lambda-docs-2md/metro-eslint/src/ModuleGraph/worker/optimizeDependencies.js.flow
27 silly diff packages/lambda-docs-2md/metro-eslint/src/ModuleGraph/worker/transform-module.js
27 silly diff packages/lambda-docs-2md/metro-eslint/src/ModuleGraph/worker/transform-module.js.flow
27 silly diff packages/lambda-docs-2md/metro-eslint/src/ModuleGraph/worker/wrap-worker-fn.js
27 silly diff packages/lambda-docs-2md/metro-eslint/src/ModuleGraph/worker/wrap-worker-fn.js.flow
27 silly diff packages/lambda-docs-2md/metro-eslint/src/Resolver/index.js
27 silly diff packages/lambda-docs-2md/metro-eslint/src/Resolver/index.js.flow
27 silly diff packages/lambda-docs-2md/metro-eslint/src/Resolver/polyfills/prelude.js
27 silly diff packages/lambda-docs-2md/metro-eslint/src/Resolver/polyfills/prelude_dev.js
27 silly diff packages/lambda-docs-2md/metro-eslint/src/Resolver/polyfills/require.js
27 silly diff packages/lambda-docs-2md/metro-eslint/src/Resolver/polyfills/require.js.flow
27 silly diff packages/lambda-docs-2md/metro-eslint/src/Server/MultipartResponse.js
27 silly diff packages/lambda-docs-2md/metro-eslint/src/Server/index.js
27 silly diff packages/lambda-docs-2md/metro-eslint/src/Server/index.js.flow
27 silly diff packages/lambda-docs-2md/metro-eslint/src/Server/symbolicate/package.json
27 silly diff packages/lambda-docs-2md/metro-eslint/src/Server/symbolicate/symbolicate.js
27 silly diff packages/lambda-docs-2md/metro-eslint/src/Server/symbolicate/symbolicate.js.flow
27 silly diff packages/lambda-docs-2md/metro-eslint/src/Server/symbolicate/util.js
27 silly diff packages/lambda-docs-2md/metro-eslint/src/Server/symbolicate/util.js.flow
27 silly diff packages/lambda-docs-2md/metro-eslint/src/Server/symbolicate/worker.js
27 silly diff packages/lambda-docs-2md/metro-eslint/src/__fixtures__/getTransformOptions.js
27 silly diff packages/lambda-docs-2md/metro-eslint/src/assetTransformer.js
27 silly diff packages/lambda-docs-2md/metro-eslint/src/assetTransformer.js.flow
27 silly diff packages/lambda-docs-2md/metro-eslint/src/babelRegisterOnly.js
27 silly diff packages/lambda-docs-2md/metro-eslint/src/blacklist.js
27 silly diff packages/lambda-docs-2md/metro-eslint/src/cli-utils.js
27 silly diff packages/lambda-docs-2md/metro-eslint/src/cli-utils.js.flow
27 silly diff packages/lambda-docs-2md/metro-eslint/src/cli.js
27 silly diff packages/lambda-docs-2md/metro-eslint/src/cli.js.flow
27 silly diff packages/lambda-docs-2md/metro-eslint/src/commands/build.js
27 silly diff packages/lambda-docs-2md/metro-eslint/src/commands/build.js.flow
27 silly diff packages/lambda-docs-2md/metro-eslint/src/commands/serve.js
27 silly diff packages/lambda-docs-2md/metro-eslint/src/commands/serve.js.flow
27 silly diff packages/lambda-docs-2md/metro-eslint/src/defaultTransform.js
27 silly diff packages/lambda-docs-2md/metro-eslint/src/defaultTransform.js.flow
27 silly diff packages/lambda-docs-2md/metro-eslint/src/defaults.js
27 silly diff packages/lambda-docs-2md/metro-eslint/src/defaults.js.flow
27 silly diff packages/lambda-docs-2md/metro-eslint/src/index.js
27 silly diff packages/lambda-docs-2md/metro-eslint/src/index.js.flow
27 silly diff packages/lambda-docs-2md/metro-eslint/src/integration_tests/basic_bundle/AssetRegistry.js
27 silly diff packages/lambda-docs-2md/metro-eslint/src/integration_tests/basic_bundle/AssetRegistry.js.flow
27 silly diff packages/lambda-docs-2md/metro-eslint/src/integration_tests/basic_bundle/Bar.js
27 silly diff packages/lambda-docs-2md/metro-eslint/src/integration_tests/basic_bundle/Bar.js.flow
27 silly diff packages/lambda-docs-2md/metro-eslint/src/integration_tests/basic_bundle/Foo.js
27 silly diff packages/lambda-docs-2md/metro-eslint/src/integration_tests/basic_bundle/Foo.js.flow
27 silly diff packages/lambda-docs-2md/metro-eslint/src/integration_tests/basic_bundle/TestBundle.js
27 silly diff packages/lambda-docs-2md/metro-eslint/src/integration_tests/basic_bundle/TestBundle.js.flow
27 silly diff packages/lambda-docs-2md/metro-eslint/src/integration_tests/basic_bundle/polyfill-1.js
27 silly diff packages/lambda-docs-2md/metro-eslint/src/integration_tests/basic_bundle/polyfill-2.js
27 silly diff packages/lambda-docs-2md/metro-eslint/src/integration_tests/basic_bundle/test.png
27 silly diff packages/lambda-docs-2md/metro-eslint/src/legacy.js
27 silly diff packages/lambda-docs-2md/metro-eslint/src/legacy.js.flow
27 silly diff packages/lambda-docs-2md/metro-eslint/src/lib/BatchProcessor.js
27 silly diff packages/lambda-docs-2md/metro-eslint/src/lib/BatchProcessor.js.flow
27 silly diff packages/lambda-docs-2md/metro-eslint/src/lib/GlobalTransformCache.js
27 silly diff packages/lambda-docs-2md/metro-eslint/src/lib/GlobalTransformCache.js.flow
27 silly diff packages/lambda-docs-2md/metro-eslint/src/lib/JsonReporter.js
27 silly diff packages/lambda-docs-2md/metro-eslint/src/lib/JsonReporter.js.flow
27 silly diff packages/lambda-docs-2md/metro-eslint/src/lib/SourceMap.js
27 silly diff packages/lambda-docs-2md/metro-eslint/src/lib/SourceMap.js.flow
27 silly diff packages/lambda-docs-2md/metro-eslint/src/lib/TerminalReporter.js
27 silly diff packages/lambda-docs-2md/metro-eslint/src/lib/TerminalReporter.js.flow
27 silly diff packages/lambda-docs-2md/metro-eslint/src/lib/TransformCaching.js
27 silly diff packages/lambda-docs-2md/metro-eslint/src/lib/TransformCaching.js.flow
27 silly diff packages/lambda-docs-2md/metro-eslint/src/lib/addParamsToDefineCall.js
27 silly diff packages/lambda-docs-2md/metro-eslint/src/lib/addParamsToDefineCall.js.flow
27 silly diff packages/lambda-docs-2md/metro-eslint/src/lib/attachWebsocketServer.js
27 silly diff packages/lambda-docs-2md/metro-eslint/src/lib/attachWebsocketServer.js.flow
27 silly diff packages/lambda-docs-2md/metro-eslint/src/lib/bundle-modules/HMRClient.js
27 silly diff packages/lambda-docs-2md/metro-eslint/src/lib/bundle-modules/HmrClient.js.flow
27 silly diff packages/lambda-docs-2md/metro-eslint/src/lib/createModuleIdFactory.js
27 silly diff packages/lambda-docs-2md/metro-eslint/src/lib/createModuleIdFactory.js.flow
27 silly diff packages/lambda-docs-2md/metro-eslint/src/lib/formatBundlingError.js
27 silly diff packages/lambda-docs-2md/metro-eslint/src/lib/formatBundlingError.js.flow
27 silly diff packages/lambda-docs-2md/metro-eslint/src/lib/getMaxWorkers.js
27 silly diff packages/lambda-docs-2md/metro-eslint/src/lib/getMaxWorkers.js.flow
27 silly diff packages/lambda-docs-2md/metro-eslint/src/lib/getOrderedDependencyPaths.js
27 silly diff packages/lambda-docs-2md/metro-eslint/src/lib/getOrderedDependencyPaths.js.flow
27 silly diff packages/lambda-docs-2md/metro-eslint/src/lib/getPreludeCode.js
27 silly diff packages/lambda-docs-2md/metro-eslint/src/lib/getPreludeCode.js.flow
27 silly diff packages/lambda-docs-2md/metro-eslint/src/lib/getTransformCacheKeyFn.js
27 silly diff packages/lambda-docs-2md/metro-eslint/src/lib/getTransformCacheKeyFn.js.flow
27 silly diff packages/lambda-docs-2md/metro-eslint/src/lib/polyfills/require.js
27 silly diff packages/lambda-docs-2md/metro-eslint/src/lib/polyfills/require.js.flow
27 silly diff packages/lambda-docs-2md/metro-eslint/src/lib/relativizeSourceMap.js
27 silly diff packages/lambda-docs-2md/metro-eslint/src/lib/relativizeSourceMap.js.flow
27 silly diff packages/lambda-docs-2md/metro-eslint/src/lib/removeInlineRequiresBlacklistFromOptions.js
27 silly diff packages/lambda-docs-2md/metro-eslint/src/lib/removeInlineRequiresBlacklistFromOptions.js.flow
27 silly diff packages/lambda-docs-2md/metro-eslint/src/lib/reporting.js
27 silly diff packages/lambda-docs-2md/metro-eslint/src/lib/reporting.js.flow
27 silly diff packages/lambda-docs-2md/metro-eslint/src/node-haste/AssetModule.js
27 silly diff packages/lambda-docs-2md/metro-eslint/src/node-haste/AssetModule.js.flow
27 silly diff packages/lambda-docs-2md/metro-eslint/src/node-haste/AssetResolutionCache.js
27 silly diff packages/lambda-docs-2md/metro-eslint/src/node-haste/AssetResolutionCache.js.flow
27 silly diff packages/lambda-docs-2md/metro-eslint/src/node-haste/DependencyGraph.js
27 silly diff packages/lambda-docs-2md/metro-eslint/src/node-haste/DependencyGraph.js.flow
27 silly diff packages/lambda-docs-2md/metro-eslint/src/node-haste/DependencyGraph/DependencyGraphHelpers.js
27 silly diff packages/lambda-docs-2md/metro-eslint/src/node-haste/DependencyGraph/DependencyGraphHelpers.js.flow
27 silly diff packages/lambda-docs-2md/metro-eslint/src/node-haste/DependencyGraph/ModuleResolution.js
27 silly diff packages/lambda-docs-2md/metro-eslint/src/node-haste/DependencyGraph/ModuleResolution.js.flow
27 silly diff packages/lambda-docs-2md/metro-eslint/src/node-haste/DependencyGraph/ResolutionRequest.js
27 silly diff packages/lambda-docs-2md/metro-eslint/src/node-haste/DependencyGraph/ResolutionRequest.js.flow
27 silly diff packages/lambda-docs-2md/metro-eslint/src/node-haste/DependencyGraph/assets/empty-module.js
27 silly diff packages/lambda-docs-2md/metro-eslint/src/node-haste/DependencyGraph/assets/empty-module.js.flow
27 silly diff packages/lambda-docs-2md/metro-eslint/src/node-haste/FilesByDirNameIndex.js
27 silly diff packages/lambda-docs-2md/metro-eslint/src/node-haste/FilesByDirNameIndex.js.flow
27 silly diff packages/lambda-docs-2md/metro-eslint/src/node-haste/Module.js
27 silly diff packages/lambda-docs-2md/metro-eslint/src/node-haste/Module.js.flow
27 silly diff packages/lambda-docs-2md/metro-eslint/src/node-haste/ModuleCache.js
27 silly diff packages/lambda-docs-2md/metro-eslint/src/node-haste/ModuleCache.js.flow
27 silly diff packages/lambda-docs-2md/metro-eslint/src/node-haste/Package.js
27 silly diff packages/lambda-docs-2md/metro-eslint/src/node-haste/Package.js.flow
27 silly diff packages/lambda-docs-2md/metro-eslint/src/node-haste/Polyfill.js
27 silly diff packages/lambda-docs-2md/metro-eslint/src/node-haste/Polyfill.js.flow
27 silly diff packages/lambda-docs-2md/metro-eslint/src/node-haste/lib/AssetPaths.js
27 silly diff packages/lambda-docs-2md/metro-eslint/src/node-haste/lib/AssetPaths.js.flow
27 silly diff packages/lambda-docs-2md/metro-eslint/src/node-haste/lib/MapWithDefaults.js
27 silly diff packages/lambda-docs-2md/metro-eslint/src/node-haste/lib/MapWithDefaults.js.flow
27 silly diff packages/lambda-docs-2md/metro-eslint/src/node-haste/lib/parsePlatformFilePath.js
27 silly diff packages/lambda-docs-2md/metro-eslint/src/node-haste/lib/parsePlatformFilePath.js.flow
27 silly diff packages/lambda-docs-2md/metro-eslint/src/node-haste/lib/toLocalPath.js
27 silly diff packages/lambda-docs-2md/metro-eslint/src/node-haste/lib/toLocalPath.js.flow
27 silly diff packages/lambda-docs-2md/metro-eslint/src/node-haste/types.js
27 silly diff packages/lambda-docs-2md/metro-eslint/src/node-haste/types.js.flow
27 silly diff packages/lambda-docs-2md/metro-eslint/src/rn-cli.config.js
27 silly diff packages/lambda-docs-2md/metro-eslint/src/rn-cli.config.js.flow
27 silly diff packages/lambda-docs-2md/metro-eslint/src/setupNodePolyfills.js
27 silly diff packages/lambda-docs-2md/metro-eslint/src/setupNodePolyfills.js.flow
27 silly diff packages/lambda-docs-2md/metro-eslint/src/shared/output/bundle.js
27 silly diff packages/lambda-docs-2md/metro-eslint/src/shared/output/bundle.js.flow
27 silly diff packages/lambda-docs-2md/metro-eslint/src/shared/output/meta.js
27 silly diff packages/lambda-docs-2md/metro-eslint/src/shared/output/meta.js.flow
27 silly diff packages/lambda-docs-2md/metro-eslint/src/shared/output/unbundle/as-assets.js
27 silly diff packages/lambda-docs-2md/metro-eslint/src/shared/output/unbundle/as-assets.js.flow
27 silly diff packages/lambda-docs-2md/metro-eslint/src/shared/output/unbundle/as-indexed-file.js
27 silly diff packages/lambda-docs-2md/metro-eslint/src/shared/output/unbundle/as-indexed-file.js.flow
27 silly diff packages/lambda-docs-2md/metro-eslint/src/shared/output/unbundle/build-unbundle-sourcemap-with-metadata.js
27 silly diff packages/lambda-docs-2md/metro-eslint/src/shared/output/unbundle/build-unbundle-sourcemap-with-metadata.js.flow
27 silly diff packages/lambda-docs-2md/metro-eslint/src/shared/output/unbundle/index.js
27 silly diff packages/lambda-docs-2md/metro-eslint/src/shared/output/unbundle/index.js.flow
27 silly diff packages/lambda-docs-2md/metro-eslint/src/shared/output/unbundle/magic-number.js
27 silly diff packages/lambda-docs-2md/metro-eslint/src/shared/output/unbundle/magic-number.js.flow
27 silly diff packages/lambda-docs-2md/metro-eslint/src/shared/output/unbundle/util.js
27 silly diff packages/lambda-docs-2md/metro-eslint/src/shared/output/unbundle/util.js.flow
27 silly diff packages/lambda-docs-2md/metro-eslint/src/shared/output/unbundle/write-sourcemap.js
27 silly diff packages/lambda-docs-2md/metro-eslint/src/shared/output/unbundle/write-sourcemap.js.flow
27 silly diff packages/lambda-docs-2md/metro-eslint/src/shared/output/writeFile.js
27 silly diff packages/lambda-docs-2md/metro-eslint/src/shared/output/writeFile.js.flow
27 silly diff packages/lambda-docs-2md/metro-eslint/src/shared/types.flow.js
27 silly diff packages/lambda-docs-2md/metro-eslint/src/shared/types.flow.js.flow
27 silly diff packages/lambda-docs-2md/metro-eslint/src/transformer.js
27 silly diff packages/lambda-docs-2md/metro-eslint/src/transformer.js.flow
27 silly diff packages/lambda-docs-2md/metro-eslint/yarn.lock
27 silly diff packages/lambda-docs-2md/package-lock.json
27 silly diff packages/lambda-docs-2md/package.json
27 silly diff packages/lambda-docs-2md/packages/metro-eslint/.eslintrc.json
27 silly diff packages/lambda-docs-2md/packages/metro-eslint/.gitignore
27 silly diff packages/lambda-docs-2md/packages/metro-eslint/eslint-plugin/README.md
27 silly diff packages/lambda-docs-2md/packages/metro-eslint/eslint-plugin/lib/index.js
27 silly diff packages/lambda-docs-2md/packages/metro-eslint/eslint-plugin/lib/rules/arrow-expressions.js
27 silly diff packages/lambda-docs-2md/packages/metro-eslint/eslint-plugin/lib/rules/no-promises.js
27 silly diff packages/lambda-docs-2md/packages/metro-eslint/eslint-plugin/package.json
27 silly diff packages/lambda-docs-2md/packages/metro-eslint/eslint-plugin/tests/lib/rules/arrow-expressions-test.js
27 silly diff packages/lambda-docs-2md/packages/metro-eslint/eslint-plugin/tests/lib/rules/no-promises-test.js
27 silly diff packages/lambda-docs-2md/packages/metro-eslint/eslint-plugin/yarn.lock
27 silly diff packages/lambda-docs-2md/packages/metro-eslint/metro-eslint/README.md
27 silly diff packages/lambda-docs-2md/packages/metro-eslint/metro-eslint/package.json
27 silly diff packages/lambda-docs-2md/packages/metro-eslint/metro-eslint/rn-babelrc.json
27 silly diff packages/lambda-docs-2md/packages/metro-eslint/metro-eslint/src/Assets/index.js
27 silly diff packages/lambda-docs-2md/packages/metro-eslint/metro-eslint/src/Assets/index.js.flow
27 silly diff packages/lambda-docs-2md/packages/metro-eslint/metro-eslint/src/Bundler/index.js
27 silly diff packages/lambda-docs-2md/packages/metro-eslint/metro-eslint/src/Bundler/index.js.flow
27 silly diff packages/lambda-docs-2md/packages/metro-eslint/metro-eslint/src/Bundler/util.js
27 silly diff packages/lambda-docs-2md/packages/metro-eslint/metro-eslint/src/Bundler/util.js.flow
27 silly diff packages/lambda-docs-2md/packages/metro-eslint/metro-eslint/src/Config.js
27 silly diff packages/lambda-docs-2md/packages/metro-eslint/metro-eslint/src/Config.js.flow
27 silly diff packages/lambda-docs-2md/packages/metro-eslint/metro-eslint/src/DeltaBundler/DeltaCalculator.js
27 silly diff packages/lambda-docs-2md/packages/metro-eslint/metro-eslint/src/DeltaBundler/DeltaCalculator.js.flow
27 silly diff packages/lambda-docs-2md/packages/metro-eslint/metro-eslint/src/DeltaBundler/DeltaPatcher.js
27 silly diff packages/lambda-docs-2md/packages/metro-eslint/metro-eslint/src/DeltaBundler/DeltaPatcher.js.flow
27 silly diff packages/lambda-docs-2md/packages/metro-eslint/metro-eslint/src/DeltaBundler/DeltaTransformer.js
27 silly diff packages/lambda-docs-2md/packages/metro-eslint/metro-eslint/src/DeltaBundler/DeltaTransformer.js.flow
27 silly diff packages/lambda-docs-2md/packages/metro-eslint/metro-eslint/src/DeltaBundler/Serializers.js
27 silly diff packages/lambda-docs-2md/packages/metro-eslint/metro-eslint/src/DeltaBundler/Serializers.js.flow
27 silly diff packages/lambda-docs-2md/packages/metro-eslint/metro-eslint/src/DeltaBundler/index.js
27 silly diff packages/lambda-docs-2md/packages/metro-eslint/metro-eslint/src/DeltaBundler/index.js.flow
27 silly diff packages/lambda-docs-2md/packages/metro-eslint/metro-eslint/src/DeltaBundler/traverseDependencies.js
27 silly diff packages/lambda-docs-2md/packages/metro-eslint/metro-eslint/src/DeltaBundler/traverseDependencies.js.flow
27 silly diff packages/lambda-docs-2md/packages/metro-eslint/metro-eslint/src/HmrServer/getBundlingOptionsForHmr.js
27 silly diff packages/lambda-docs-2md/packages/metro-eslint/metro-eslint/src/HmrServer/getBundlingOptionsForHmr.js.flow
27 silly diff packages/lambda-docs-2md/packages/metro-eslint/metro-eslint/src/HmrServer/index.js
27 silly diff packages/lambda-docs-2md/packages/metro-eslint/metro-eslint/src/HmrServer/index.js.flow
27 silly diff packages/lambda-docs-2md/packages/metro-eslint/metro-eslint/src/JSTransformer/README.md
27 silly diff packages/lambda-docs-2md/packages/metro-eslint/metro-eslint/src/JSTransformer/index.js
27 silly diff packages/lambda-docs-2md/packages/metro-eslint/metro-eslint/src/JSTransformer/index.js.flow
27 silly diff packages/lambda-docs-2md/packages/metro-eslint/metro-eslint/src/JSTransformer/worker/constant-folding.js
27 silly diff packages/lambda-docs-2md/packages/metro-eslint/metro-eslint/src/JSTransformer/worker/constant-folding.js.flow
27 silly diff packages/lambda-docs-2md/packages/metro-eslint/metro-eslint/src/JSTransformer/worker/index.js
27 silly diff packages/lambda-docs-2md/packages/metro-eslint/metro-eslint/src/JSTransformer/worker/index.js.flow
27 silly diff packages/lambda-docs-2md/packages/metro-eslint/metro-eslint/src/JSTransformer/worker/inline-platform.js
27 silly diff packages/lambda-docs-2md/packages/metro-eslint/metro-eslint/src/JSTransformer/worker/inline-platform.js.flow
27 silly diff packages/lambda-docs-2md/packages/metro-eslint/metro-eslint/src/JSTransformer/worker/inline.js
27 silly diff packages/lambda-docs-2md/packages/metro-eslint/metro-eslint/src/JSTransformer/worker/inline.js.flow
27 silly diff packages/lambda-docs-2md/packages/metro-eslint/metro-eslint/src/JSTransformer/worker/minify.js
27 silly diff packages/lambda-docs-2md/packages/metro-eslint/metro-eslint/src/JSTransformer/worker/minify.js.flow
27 silly diff packages/lambda-docs-2md/packages/metro-eslint/metro-eslint/src/ModuleGraph/Graph.js
27 silly diff packages/lambda-docs-2md/packages/metro-eslint/metro-eslint/src/ModuleGraph/Graph.js.flow
27 silly diff packages/lambda-docs-2md/packages/metro-eslint/metro-eslint/src/ModuleGraph/ModuleGraph.js
27 silly diff packages/lambda-docs-2md/packages/metro-eslint/metro-eslint/src/ModuleGraph/ModuleGraph.js.flow
27 silly diff packages/lambda-docs-2md/packages/metro-eslint/metro-eslint/src/ModuleGraph/build.js
27 silly diff packages/lambda-docs-2md/packages/metro-eslint/metro-eslint/src/ModuleGraph/build.js.flow
27 silly diff packages/lambda-docs-2md/packages/metro-eslint/metro-eslint/src/ModuleGraph/module.js
27 silly diff packages/lambda-docs-2md/packages/metro-eslint/metro-eslint/src/ModuleGraph/module.js.flow
27 silly diff packages/lambda-docs-2md/packages/metro-eslint/metro-eslint/src/ModuleGraph/node-haste/HasteFS.js
27 silly diff packages/lambda-docs-2md/packages/metro-eslint/metro-eslint/src/ModuleGraph/node-haste/HasteFS.js.flow
27 silly diff packages/lambda-docs-2md/packages/metro-eslint/metro-eslint/src/ModuleGraph/node-haste/Module.js
27 silly diff packages/lambda-docs-2md/packages/metro-eslint/metro-eslint/src/ModuleGraph/node-haste/Module.js.flow
27 silly diff packages/lambda-docs-2md/packages/metro-eslint/metro-eslint/src/ModuleGraph/node-haste/ModuleCache.js
27 silly diff packages/lambda-docs-2md/packages/metro-eslint/metro-eslint/src/ModuleGraph/node-haste/ModuleCache.js.flow
27 silly diff packages/lambda-docs-2md/packages/metro-eslint/metro-eslint/src/ModuleGraph/node-haste/Package.js
27 silly diff packages/lambda-docs-2md/packages/metro-eslint/metro-eslint/src/ModuleGraph/node-haste/Package.js.flow
27 silly diff packages/lambda-docs-2md/packages/metro-eslint/metro-eslint/src/ModuleGraph/node-haste/node-haste.flow.js
27 silly diff packages/lambda-docs-2md/packages/metro-eslint/metro-eslint/src/ModuleGraph/node-haste/node-haste.flow.js.flow
27 silly diff packages/lambda-docs-2md/packages/metro-eslint/metro-eslint/src/ModuleGraph/node-haste/node-haste.js
27 silly diff packages/lambda-docs-2md/packages/metro-eslint/metro-eslint/src/ModuleGraph/node-haste/node-haste.js.flow
27 silly diff packages/lambda-docs-2md/packages/metro-eslint/metro-eslint/src/ModuleGraph/node-haste/package.json
27 silly diff packages/lambda-docs-2md/packages/metro-eslint/metro-eslint/src/ModuleGraph/output/dependencies-dot.js
27 silly diff packages/lambda-docs-2md/packages/metro-eslint/metro-eslint/src/ModuleGraph/output/dependencies-dot.js.flow
27 silly diff packages/lambda-docs-2md/packages/metro-eslint/metro-eslint/src/ModuleGraph/output/indexed-ram-bundle.js
27 silly diff packages/lambda-docs-2md/packages/metro-eslint/metro-eslint/src/ModuleGraph/output/indexed-ram-bundle.js.flow
27 silly diff packages/lambda-docs-2md/packages/metro-eslint/metro-eslint/src/ModuleGraph/output/multiple-files-ram-bundle.js
27 silly diff packages/lambda-docs-2md/packages/metro-eslint/metro-eslint/src/ModuleGraph/output/multiple-files-ram-bundle.js.flow
27 silly diff packages/lambda-docs-2md/packages/metro-eslint/metro-eslint/src/ModuleGraph/output/plain-bundle.js
27 silly diff packages/lambda-docs-2md/packages/metro-eslint/metro-eslint/src/ModuleGraph/output/plain-bundle.js.flow
27 silly diff packages/lambda-docs-2md/packages/metro-eslint/metro-eslint/src/ModuleGraph/output/source-map.js
27 silly diff packages/lambda-docs-2md/packages/metro-eslint/metro-eslint/src/ModuleGraph/output/source-map.js.flow
27 silly diff packages/lambda-docs-2md/packages/metro-eslint/metro-eslint/src/ModuleGraph/output/util.js
27 silly diff packages/lambda-docs-2md/packages/metro-eslint/metro-eslint/src/ModuleGraph/output/util.js.flow
27 silly diff packages/lambda-docs-2md/packages/metro-eslint/metro-eslint/src/ModuleGraph/package.json
27 silly diff packages/lambda-docs-2md/packages/metro-eslint/metro-eslint/src/ModuleGraph/silent-console.js
27 silly diff packages/lambda-docs-2md/packages/metro-eslint/metro-eslint/src/ModuleGraph/silent-console.js.flow
27 silly diff packages/lambda-docs-2md/packages/metro-eslint/metro-eslint/src/ModuleGraph/test-helpers.js
27 silly diff packages/lambda-docs-2md/packages/metro-eslint/metro-eslint/src/ModuleGraph/types.flow.js
27 silly diff packages/lambda-docs-2md/packages/metro-eslint/metro-eslint/src/ModuleGraph/types.flow.js.flow
27 silly diff packages/lambda-docs-2md/packages/metro-eslint/metro-eslint/src/ModuleGraph/worker.js
27 silly diff packages/lambda-docs-2md/packages/metro-eslint/metro-eslint/src/ModuleGraph/worker.js.flow
27 silly diff packages/lambda-docs-2md/packages/metro-eslint/metro-eslint/src/ModuleGraph/worker/JsFileWrapping.js
27 silly diff packages/lambda-docs-2md/packages/metro-eslint/metro-eslint/src/ModuleGraph/worker/JsFileWrapping.js.flow
27 silly diff packages/lambda-docs-2md/packages/metro-eslint/metro-eslint/src/ModuleGraph/worker/Platforms.js
27 silly diff packages/lambda-docs-2md/packages/metro-eslint/metro-eslint/src/ModuleGraph/worker/Platforms.js.flow
27 silly diff packages/lambda-docs-2md/packages/metro-eslint/metro-eslint/src/ModuleGraph/worker/collectDependencies.js
27 silly diff packages/lambda-docs-2md/packages/metro-eslint/metro-eslint/src/ModuleGraph/worker/collectDependencies.js.flow
27 silly diff packages/lambda-docs-2md/packages/metro-eslint/metro-eslint/src/ModuleGraph/worker/generate.js
27 silly diff packages/lambda-docs-2md/packages/metro-eslint/metro-eslint/src/ModuleGraph/worker/generate.js.flow
27 silly diff packages/lambda-docs-2md/packages/metro-eslint/metro-eslint/src/ModuleGraph/worker/optimize-module.js
27 silly diff packages/lambda-docs-2md/packages/metro-eslint/metro-eslint/src/ModuleGraph/worker/optimize-module.js.flow
27 silly diff packages/lambda-docs-2md/packages/metro-eslint/metro-eslint/src/ModuleGraph/worker/optimizeDependencies.js
27 silly diff packages/lambda-docs-2md/packages/metro-eslint/metro-eslint/src/ModuleGraph/worker/optimizeDependencies.js.flow
27 silly diff packages/lambda-docs-2md/packages/metro-eslint/metro-eslint/src/ModuleGraph/worker/transform-module.js
27 silly diff packages/lambda-docs-2md/packages/metro-eslint/metro-eslint/src/ModuleGraph/worker/transform-module.js.flow
27 silly diff packages/lambda-docs-2md/packages/metro-eslint/metro-eslint/src/ModuleGraph/worker/wrap-worker-fn.js
27 silly diff packages/lambda-docs-2md/packages/metro-eslint/metro-eslint/src/ModuleGraph/worker/wrap-worker-fn.js.flow
27 silly diff packages/lambda-docs-2md/packages/metro-eslint/metro-eslint/src/Resolver/index.js
27 silly diff packages/lambda-docs-2md/packages/metro-eslint/metro-eslint/src/Resolver/index.js.flow
27 silly diff packages/lambda-docs-2md/packages/metro-eslint/metro-eslint/src/Resolver/polyfills/prelude.js
27 silly diff packages/lambda-docs-2md/packages/metro-eslint/metro-eslint/src/Resolver/polyfills/prelude_dev.js
27 silly diff packages/lambda-docs-2md/packages/metro-eslint/metro-eslint/src/Resolver/polyfills/require.js
27 silly diff packages/lambda-docs-2md/packages/metro-eslint/metro-eslint/src/Resolver/polyfills/require.js.flow
27 silly diff packages/lambda-docs-2md/packages/metro-eslint/metro-eslint/src/Server/MultipartResponse.js
27 silly diff packages/lambda-docs-2md/packages/metro-eslint/metro-eslint/src/Server/index.js
27 silly diff packages/lambda-docs-2md/packages/metro-eslint/metro-eslint/src/Server/index.js.flow
27 silly diff packages/lambda-docs-2md/packages/metro-eslint/metro-eslint/src/Server/symbolicate/package.json
27 silly diff packages/lambda-docs-2md/packages/metro-eslint/metro-eslint/src/Server/symbolicate/symbolicate.js
27 silly diff packages/lambda-docs-2md/packages/metro-eslint/metro-eslint/src/Server/symbolicate/symbolicate.js.flow
27 silly diff packages/lambda-docs-2md/packages/metro-eslint/metro-eslint/src/Server/symbolicate/util.js
27 silly diff packages/lambda-docs-2md/packages/metro-eslint/metro-eslint/src/Server/symbolicate/util.js.flow
27 silly diff packages/lambda-docs-2md/packages/metro-eslint/metro-eslint/src/Server/symbolicate/worker.js
27 silly diff packages/lambda-docs-2md/packages/metro-eslint/metro-eslint/src/__fixtures__/getTransformOptions.js
27 silly diff packages/lambda-docs-2md/packages/metro-eslint/metro-eslint/src/assetTransformer.js
27 silly diff packages/lambda-docs-2md/packages/metro-eslint/metro-eslint/src/assetTransformer.js.flow
27 silly diff packages/lambda-docs-2md/packages/metro-eslint/metro-eslint/src/babelRegisterOnly.js
27 silly diff packages/lambda-docs-2md/packages/metro-eslint/metro-eslint/src/blacklist.js
27 silly diff packages/lambda-docs-2md/packages/metro-eslint/metro-eslint/src/cli-utils.js
27 silly diff packages/lambda-docs-2md/packages/metro-eslint/metro-eslint/src/cli-utils.js.flow
27 silly diff packages/lambda-docs-2md/packages/metro-eslint/metro-eslint/src/cli.js
27 silly diff packages/lambda-docs-2md/packages/metro-eslint/metro-eslint/src/cli.js.flow
27 silly diff packages/lambda-docs-2md/packages/metro-eslint/metro-eslint/src/commands/build.js
27 silly diff packages/lambda-docs-2md/packages/metro-eslint/metro-eslint/src/commands/build.js.flow
27 silly diff packages/lambda-docs-2md/packages/metro-eslint/metro-eslint/src/commands/serve.js
27 silly diff packages/lambda-docs-2md/packages/metro-eslint/metro-eslint/src/commands/serve.js.flow
27 silly diff packages/lambda-docs-2md/packages/metro-eslint/metro-eslint/src/defaultTransform.js
27 silly diff packages/lambda-docs-2md/packages/metro-eslint/metro-eslint/src/defaultTransform.js.flow
27 silly diff packages/lambda-docs-2md/packages/metro-eslint/metro-eslint/src/defaults.js
27 silly diff packages/lambda-docs-2md/packages/metro-eslint/metro-eslint/src/defaults.js.flow
27 silly diff packages/lambda-docs-2md/packages/metro-eslint/metro-eslint/src/index.js
27 silly diff packages/lambda-docs-2md/packages/metro-eslint/metro-eslint/src/index.js.flow
27 silly diff packages/lambda-docs-2md/packages/metro-eslint/metro-eslint/src/integration_tests/basic_bundle/AssetRegistry.js
27 silly diff packages/lambda-docs-2md/packages/metro-eslint/metro-eslint/src/integration_tests/basic_bundle/AssetRegistry.js.flow
27 silly diff packages/lambda-docs-2md/packages/metro-eslint/metro-eslint/src/integration_tests/basic_bundle/Bar.js
27 silly diff packages/lambda-docs-2md/packages/metro-eslint/metro-eslint/src/integration_tests/basic_bundle/Bar.js.flow
27 silly diff packages/lambda-docs-2md/packages/metro-eslint/metro-eslint/src/integration_tests/basic_bundle/Foo.js
27 silly diff packages/lambda-docs-2md/packages/metro-eslint/metro-eslint/src/integration_tests/basic_bundle/Foo.js.flow
27 silly diff packages/lambda-docs-2md/packages/metro-eslint/metro-eslint/src/integration_tests/basic_bundle/TestBundle.js
27 silly diff packages/lambda-docs-2md/packages/metro-eslint/metro-eslint/src/integration_tests/basic_bundle/TestBundle.js.flow
27 silly diff packages/lambda-docs-2md/packages/metro-eslint/metro-eslint/src/integration_tests/basic_bundle/polyfill-1.js
27 silly diff packages/lambda-docs-2md/packages/metro-eslint/metro-eslint/src/integration_tests/basic_bundle/polyfill-2.js
27 silly diff packages/lambda-docs-2md/packages/metro-eslint/metro-eslint/src/integration_tests/basic_bundle/test.png
27 silly diff packages/lambda-docs-2md/packages/metro-eslint/metro-eslint/src/legacy.js
27 silly diff packages/lambda-docs-2md/packages/metro-eslint/metro-eslint/src/legacy.js.flow
27 silly diff packages/lambda-docs-2md/packages/metro-eslint/metro-eslint/src/lib/BatchProcessor.js
27 silly diff packages/lambda-docs-2md/packages/metro-eslint/metro-eslint/src/lib/BatchProcessor.js.flow
27 silly diff packages/lambda-docs-2md/packages/metro-eslint/metro-eslint/src/lib/GlobalTransformCache.js
27 silly diff packages/lambda-docs-2md/packages/metro-eslint/metro-eslint/src/lib/GlobalTransformCache.js.flow
27 silly diff packages/lambda-docs-2md/packages/metro-eslint/metro-eslint/src/lib/JsonReporter.js
27 silly diff packages/lambda-docs-2md/packages/metro-eslint/metro-eslint/src/lib/JsonReporter.js.flow
27 silly diff packages/lambda-docs-2md/packages/metro-eslint/metro-eslint/src/lib/SourceMap.js
27 silly diff packages/lambda-docs-2md/packages/metro-eslint/metro-eslint/src/lib/SourceMap.js.flow
27 silly diff packages/lambda-docs-2md/packages/metro-eslint/metro-eslint/src/lib/TerminalReporter.js
27 silly diff packages/lambda-docs-2md/packages/metro-eslint/metro-eslint/src/lib/TerminalReporter.js.flow
27 silly diff packages/lambda-docs-2md/packages/metro-eslint/metro-eslint/src/lib/TransformCaching.js
27 silly diff packages/lambda-docs-2md/packages/metro-eslint/metro-eslint/src/lib/TransformCaching.js.flow
27 silly diff packages/lambda-docs-2md/packages/metro-eslint/metro-eslint/src/lib/addParamsToDefineCall.js
27 silly diff packages/lambda-docs-2md/packages/metro-eslint/metro-eslint/src/lib/addParamsToDefineCall.js.flow
27 silly diff packages/lambda-docs-2md/packages/metro-eslint/metro-eslint/src/lib/attachWebsocketServer.js
27 silly diff packages/lambda-docs-2md/packages/metro-eslint/metro-eslint/src/lib/attachWebsocketServer.js.flow
27 silly diff packages/lambda-docs-2md/packages/metro-eslint/metro-eslint/src/lib/bundle-modules/HMRClient.js
27 silly diff packages/lambda-docs-2md/packages/metro-eslint/metro-eslint/src/lib/bundle-modules/HmrClient.js.flow
27 silly diff packages/lambda-docs-2md/packages/metro-eslint/metro-eslint/src/lib/createModuleIdFactory.js
27 silly diff packages/lambda-docs-2md/packages/metro-eslint/metro-eslint/src/lib/createModuleIdFactory.js.flow
27 silly diff packages/lambda-docs-2md/packages/metro-eslint/metro-eslint/src/lib/formatBundlingError.js
27 silly diff packages/lambda-docs-2md/packages/metro-eslint/metro-eslint/src/lib/formatBundlingError.js.flow
27 silly diff packages/lambda-docs-2md/packages/metro-eslint/metro-eslint/src/lib/getMaxWorkers.js
27 silly diff packages/lambda-docs-2md/packages/metro-eslint/metro-eslint/src/lib/getMaxWorkers.js.flow
27 silly diff packages/lambda-docs-2md/packages/metro-eslint/metro-eslint/src/lib/getOrderedDependencyPaths.js
27 silly diff packages/lambda-docs-2md/packages/metro-eslint/metro-eslint/src/lib/getOrderedDependencyPaths.js.flow
27 silly diff packages/lambda-docs-2md/packages/metro-eslint/metro-eslint/src/lib/getPreludeCode.js
27 silly diff packages/lambda-docs-2md/packages/metro-eslint/metro-eslint/src/lib/getPreludeCode.js.flow
27 silly diff packages/lambda-docs-2md/packages/metro-eslint/metro-eslint/src/lib/getTransformCacheKeyFn.js
27 silly diff packages/lambda-docs-2md/packages/metro-eslint/metro-eslint/src/lib/getTransformCacheKeyFn.js.flow
27 silly diff packages/lambda-docs-2md/packages/metro-eslint/metro-eslint/src/lib/polyfills/require.js
27 silly diff packages/lambda-docs-2md/packages/metro-eslint/metro-eslint/src/lib/polyfills/require.js.flow
27 silly diff packages/lambda-docs-2md/packages/metro-eslint/metro-eslint/src/lib/relativizeSourceMap.js
27 silly diff packages/lambda-docs-2md/packages/metro-eslint/metro-eslint/src/lib/relativizeSourceMap.js.flow
27 silly diff packages/lambda-docs-2md/packages/metro-eslint/metro-eslint/src/lib/removeInlineRequiresBlacklistFromOptions.js
27 silly diff packages/lambda-docs-2md/packages/metro-eslint/metro-eslint/src/lib/removeInlineRequiresBlacklistFromOptions.js.flow
27 silly diff packages/lambda-docs-2md/packages/metro-eslint/metro-eslint/src/lib/reporting.js
27 silly diff packages/lambda-docs-2md/packages/metro-eslint/metro-eslint/src/lib/reporting.js.flow
27 silly diff packages/lambda-docs-2md/packages/metro-eslint/metro-eslint/src/node-haste/AssetModule.js
27 silly diff packages/lambda-docs-2md/packages/metro-eslint/metro-eslint/src/node-haste/AssetModule.js.flow
27 silly diff packages/lambda-docs-2md/packages/metro-eslint/metro-eslint/src/node-haste/AssetResolutionCache.js
27 silly diff packages/lambda-docs-2md/packages/metro-eslint/metro-eslint/src/node-haste/AssetResolutionCache.js.flow
27 silly diff packages/lambda-docs-2md/packages/metro-eslint/metro-eslint/src/node-haste/DependencyGraph.js
27 silly diff packages/lambda-docs-2md/packages/metro-eslint/metro-eslint/src/node-haste/DependencyGraph.js.flow
27 silly diff packages/lambda-docs-2md/packages/metro-eslint/metro-eslint/src/node-haste/DependencyGraph/DependencyGraphHelpers.js
27 silly diff packages/lambda-docs-2md/packages/metro-eslint/metro-eslint/src/node-haste/DependencyGraph/DependencyGraphHelpers.js.flow
27 silly diff packages/lambda-docs-2md/packages/metro-eslint/metro-eslint/src/node-haste/DependencyGraph/ModuleResolution.js
27 silly diff packages/lambda-docs-2md/packages/metro-eslint/metro-eslint/src/node-haste/DependencyGraph/ModuleResolution.js.flow
27 silly diff packages/lambda-docs-2md/packages/metro-eslint/metro-eslint/src/node-haste/DependencyGraph/ResolutionRequest.js
27 silly diff packages/lambda-docs-2md/packages/metro-eslint/metro-eslint/src/node-haste/DependencyGraph/ResolutionRequest.js.flow
27 silly diff packages/lambda-docs-2md/packages/metro-eslint/metro-eslint/src/node-haste/DependencyGraph/assets/empty-module.js
27 silly diff packages/lambda-docs-2md/packages/metro-eslint/metro-eslint/src/node-haste/DependencyGraph/assets/empty-module.js.flow
27 silly diff packages/lambda-docs-2md/packages/metro-eslint/metro-eslint/src/node-haste/FilesByDirNameIndex.js
27 silly diff packages/lambda-docs-2md/packages/metro-eslint/metro-eslint/src/node-haste/FilesByDirNameIndex.js.flow
27 silly diff packages/lambda-docs-2md/packages/metro-eslint/metro-eslint/src/node-haste/Module.js
27 silly diff packages/lambda-docs-2md/packages/metro-eslint/metro-eslint/src/node-haste/Module.js.flow
27 silly diff packages/lambda-docs-2md/packages/metro-eslint/metro-eslint/src/node-haste/ModuleCache.js
27 silly diff packages/lambda-docs-2md/packages/metro-eslint/metro-eslint/src/node-haste/ModuleCache.js.flow
27 silly diff packages/lambda-docs-2md/packages/metro-eslint/metro-eslint/src/node-haste/Package.js
27 silly diff packages/lambda-docs-2md/packages/metro-eslint/metro-eslint/src/node-haste/Package.js.flow
27 silly diff packages/lambda-docs-2md/packages/metro-eslint/metro-eslint/src/node-haste/Polyfill.js
27 silly diff packages/lambda-docs-2md/packages/metro-eslint/metro-eslint/src/node-haste/Polyfill.js.flow
27 silly diff packages/lambda-docs-2md/packages/metro-eslint/metro-eslint/src/node-haste/lib/AssetPaths.js
27 silly diff packages/lambda-docs-2md/packages/metro-eslint/metro-eslint/src/node-haste/lib/AssetPaths.js.flow
27 silly diff packages/lambda-docs-2md/packages/metro-eslint/metro-eslint/src/node-haste/lib/MapWithDefaults.js
27 silly diff packages/lambda-docs-2md/packages/metro-eslint/metro-eslint/src/node-haste/lib/MapWithDefaults.js.flow
27 silly diff packages/lambda-docs-2md/packages/metro-eslint/metro-eslint/src/node-haste/lib/parsePlatformFilePath.js
27 silly diff packages/lambda-docs-2md/packages/metro-eslint/metro-eslint/src/node-haste/lib/parsePlatformFilePath.js.flow
27 silly diff packages/lambda-docs-2md/packages/metro-eslint/metro-eslint/src/node-haste/lib/toLocalPath.js
27 silly diff packages/lambda-docs-2md/packages/metro-eslint/metro-eslint/src/node-haste/lib/toLocalPath.js.flow
27 silly diff packages/lambda-docs-2md/packages/metro-eslint/metro-eslint/src/node-haste/types.js
27 silly diff packages/lambda-docs-2md/packages/metro-eslint/metro-eslint/src/node-haste/types.js.flow
27 silly diff packages/lambda-docs-2md/packages/metro-eslint/metro-eslint/src/rn-cli.config.js
27 silly diff packages/lambda-docs-2md/packages/metro-eslint/metro-eslint/src/rn-cli.config.js.flow
27 silly diff packages/lambda-docs-2md/packages/metro-eslint/metro-eslint/src/setupNodePolyfills.js
27 silly diff packages/lambda-docs-2md/packages/metro-eslint/metro-eslint/src/setupNodePolyfills.js.flow
27 silly diff packages/lambda-docs-2md/packages/metro-eslint/metro-eslint/src/shared/output/bundle.js
27 silly diff packages/lambda-docs-2md/packages/metro-eslint/metro-eslint/src/shared/output/bundle.js.flow
27 silly diff packages/lambda-docs-2md/packages/metro-eslint/metro-eslint/src/shared/output/meta.js
27 silly diff packages/lambda-docs-2md/packages/metro-eslint/metro-eslint/src/shared/output/meta.js.flow
27 silly diff packages/lambda-docs-2md/packages/metro-eslint/metro-eslint/src/shared/output/unbundle/as-assets.js
27 silly diff packages/lambda-docs-2md/packages/metro-eslint/metro-eslint/src/shared/output/unbundle/as-assets.js.flow
27 silly diff packages/lambda-docs-2md/packages/metro-eslint/metro-eslint/src/shared/output/unbundle/as-indexed-file.js
27 silly diff packages/lambda-docs-2md/packages/metro-eslint/metro-eslint/src/shared/output/unbundle/as-indexed-file.js.flow
27 silly diff packages/lambda-docs-2md/packages/metro-eslint/metro-eslint/src/shared/output/unbundle/build-unbundle-sourcemap-with-metadata.js
27 silly diff packages/lambda-docs-2md/packages/metro-eslint/metro-eslint/src/shared/output/unbundle/build-unbundle-sourcemap-with-metadata.js.flow
27 silly diff packages/lambda-docs-2md/packages/metro-eslint/metro-eslint/src/shared/output/unbundle/index.js
27 silly diff packages/lambda-docs-2md/packages/metro-eslint/metro-eslint/src/shared/output/unbundle/index.js.flow
27 silly diff packages/lambda-docs-2md/packages/metro-eslint/metro-eslint/src/shared/output/unbundle/magic-number.js
27 silly diff packages/lambda-docs-2md/packages/metro-eslint/metro-eslint/src/shared/output/unbundle/magic-number.js.flow
27 silly diff packages/lambda-docs-2md/packages/metro-eslint/metro-eslint/src/shared/output/unbundle/util.js
27 silly diff packages/lambda-docs-2md/packages/metro-eslint/metro-eslint/src/shared/output/unbundle/util.js.flow
27 silly diff packages/lambda-docs-2md/packages/metro-eslint/metro-eslint/src/shared/output/unbundle/write-sourcemap.js
27 silly diff packages/lambda-docs-2md/packages/metro-eslint/metro-eslint/src/shared/output/unbundle/write-sourcemap.js.flow
27 silly diff packages/lambda-docs-2md/packages/metro-eslint/metro-eslint/src/shared/output/writeFile.js
27 silly diff packages/lambda-docs-2md/packages/metro-eslint/metro-eslint/src/shared/output/writeFile.js.flow
27 silly diff packages/lambda-docs-2md/packages/metro-eslint/metro-eslint/src/shared/types.flow.js
27 silly diff packages/lambda-docs-2md/packages/metro-eslint/metro-eslint/src/shared/types.flow.js.flow
27 silly diff packages/lambda-docs-2md/packages/metro-eslint/metro-eslint/src/transformer.js
27 silly diff packages/lambda-docs-2md/packages/metro-eslint/metro-eslint/src/transformer.js.flow
27 silly diff packages/lambda-docs-2md/packages/metro-eslint/readme.md
27 silly diff packages/lambda-docs-2md/packages/metro-eslint/ta-bot/.editorconfig
27 silly diff packages/lambda-docs-2md/packages/metro-eslint/ta-bot/Procfile
27 silly diff packages/lambda-docs-2md/packages/metro-eslint/ta-bot/README.md
27 silly diff packages/lambda-docs-2md/packages/metro-eslint/ta-bot/bin/hubot
27 silly diff packages/lambda-docs-2md/packages/metro-eslint/ta-bot/bin/hubot.cmd
27 silly diff packages/lambda-docs-2md/packages/metro-eslint/ta-bot/external-scripts.json
27 silly diff packages/lambda-docs-2md/packages/metro-eslint/ta-bot/package-lock.json
27 silly diff packages/lambda-docs-2md/packages/metro-eslint/ta-bot/package.json
27 silly diff packages/lambda-docs-2md/packages/metro-eslint/ta-bot/scripts/example.coffee
27 silly diff packages/lambda-docs-2md/readme.md
27 silly diff packages/lambda-docs-2md/stub-lambdas/lambda1.js
27 silly diff packages/lambda-docs-2md/stub-lambdas/lambda2.js
27 silly diff packages/lambda-docs-2md/ta-bot/.editorconfig
27 silly diff packages/lambda-docs-2md/ta-bot/Procfile
27 silly diff packages/lambda-docs-2md/ta-bot/README.md
27 silly diff packages/lambda-docs-2md/ta-bot/bin/hubot
27 silly diff packages/lambda-docs-2md/ta-bot/bin/hubot.cmd
27 silly diff packages/lambda-docs-2md/ta-bot/external-scripts.json
27 silly diff packages/lambda-docs-2md/ta-bot/package-lock.json
27 silly diff packages/lambda-docs-2md/ta-bot/package.json
27 silly diff packages/lambda-docs-2md/ta-bot/scripts/example.coffee
27 silly diff packages/lambda-docs-2md/test.js
27 silly diff packages/lambda-docs-2md/yarn.lock
28 silly diffSinceIn v0.0.1 packages/metro-eslint
29 silly diff packages/metro-eslint/.eslintrc.json
29 silly diff packages/metro-eslint/.gitignore
29 silly diff packages/metro-eslint/README.md
29 silly diff packages/metro-eslint/eslint-plugin/README.md
29 silly diff packages/metro-eslint/eslint-plugin/lib/index.js
29 silly diff packages/metro-eslint/eslint-plugin/lib/rules/arrow-expressions.js
29 silly diff packages/metro-eslint/eslint-plugin/lib/rules/no-promises.js
29 silly diff packages/metro-eslint/eslint-plugin/package.json
29 silly diff packages/metro-eslint/eslint-plugin/tests/lib/rules/arrow-expressions-test.js
29 silly diff packages/metro-eslint/eslint-plugin/tests/lib/rules/no-promises-test.js
29 silly diff packages/metro-eslint/eslint-plugin/yarn.lock
29 silly diff packages/metro-eslint/metro-eslint/yarn.lock
29 silly diff packages/metro-eslint/package-lock.json
29 silly diff packages/metro-eslint/package.json
29 silly diff packages/metro-eslint/readme.md
29 silly diff packages/metro-eslint/rn-babelrc.json
29 silly diff packages/metro-eslint/src/Assets/index.js
29 silly diff packages/metro-eslint/src/Assets/index.js.flow
29 silly diff packages/metro-eslint/src/Bundler/index.js
29 silly diff packages/metro-eslint/src/Bundler/index.js.flow
29 silly diff packages/metro-eslint/src/Bundler/util.js
29 silly diff packages/metro-eslint/src/Bundler/util.js.flow
29 silly diff packages/metro-eslint/src/Config.js
29 silly diff packages/metro-eslint/src/Config.js.flow
29 silly diff packages/metro-eslint/src/DeltaBundler/DeltaCalculator.js
29 silly diff packages/metro-eslint/src/DeltaBundler/DeltaCalculator.js.flow
29 silly diff packages/metro-eslint/src/DeltaBundler/DeltaPatcher.js
29 silly diff packages/metro-eslint/src/DeltaBundler/DeltaPatcher.js.flow
29 silly diff packages/metro-eslint/src/DeltaBundler/DeltaTransformer.js
29 silly diff packages/metro-eslint/src/DeltaBundler/DeltaTransformer.js.flow
29 silly diff packages/metro-eslint/src/DeltaBundler/Serializers.js
29 silly diff packages/metro-eslint/src/DeltaBundler/Serializers.js.flow
29 silly diff packages/metro-eslint/src/DeltaBundler/index.js
29 silly diff packages/metro-eslint/src/DeltaBundler/index.js.flow
29 silly diff packages/metro-eslint/src/DeltaBundler/traverseDependencies.js
29 silly diff packages/metro-eslint/src/DeltaBundler/traverseDependencies.js.flow
29 silly diff packages/metro-eslint/src/HmrServer/getBundlingOptionsForHmr.js
29 silly diff packages/metro-eslint/src/HmrServer/getBundlingOptionsForHmr.js.flow
29 silly diff packages/metro-eslint/src/HmrServer/index.js
29 silly diff packages/metro-eslint/src/HmrServer/index.js.flow
29 silly diff packages/metro-eslint/src/JSTransformer/README.md
29 silly diff packages/metro-eslint/src/JSTransformer/index.js
29 silly diff packages/metro-eslint/src/JSTransformer/index.js.flow
29 silly diff packages/metro-eslint/src/JSTransformer/worker/constant-folding.js
29 silly diff packages/metro-eslint/src/JSTransformer/worker/constant-folding.js.flow
29 silly diff packages/metro-eslint/src/JSTransformer/worker/index.js
29 silly diff packages/metro-eslint/src/JSTransformer/worker/index.js.flow
29 silly diff packages/metro-eslint/src/JSTransformer/worker/inline-platform.js
29 silly diff packages/metro-eslint/src/JSTransformer/worker/inline-platform.js.flow
29 silly diff packages/metro-eslint/src/JSTransformer/worker/inline.js
29 silly diff packages/metro-eslint/src/JSTransformer/worker/inline.js.flow
29 silly diff packages/metro-eslint/src/JSTransformer/worker/minify.js
29 silly diff packages/metro-eslint/src/JSTransformer/worker/minify.js.flow
29 silly diff packages/metro-eslint/src/ModuleGraph/Graph.js
29 silly diff packages/metro-eslint/src/ModuleGraph/Graph.js.flow
29 silly diff packages/metro-eslint/src/ModuleGraph/ModuleGraph.js
29 silly diff packages/metro-eslint/src/ModuleGraph/ModuleGraph.js.flow
29 silly diff packages/metro-eslint/src/ModuleGraph/build.js
29 silly diff packages/metro-eslint/src/ModuleGraph/build.js.flow
29 silly diff packages/metro-eslint/src/ModuleGraph/module.js
29 silly diff packages/metro-eslint/src/ModuleGraph/module.js.flow
29 silly diff packages/metro-eslint/src/ModuleGraph/node-haste/HasteFS.js
29 silly diff packages/metro-eslint/src/ModuleGraph/node-haste/HasteFS.js.flow
29 silly diff packages/metro-eslint/src/ModuleGraph/node-haste/Module.js
29 silly diff packages/metro-eslint/src/ModuleGraph/node-haste/Module.js.flow
29 silly diff packages/metro-eslint/src/ModuleGraph/node-haste/ModuleCache.js
29 silly diff packages/metro-eslint/src/ModuleGraph/node-haste/ModuleCache.js.flow
29 silly diff packages/metro-eslint/src/ModuleGraph/node-haste/Package.js
29 silly diff packages/metro-eslint/src/ModuleGraph/node-haste/Package.js.flow
29 silly diff packages/metro-eslint/src/ModuleGraph/node-haste/node-haste.flow.js
29 silly diff packages/metro-eslint/src/ModuleGraph/node-haste/node-haste.flow.js.flow
29 silly diff packages/metro-eslint/src/ModuleGraph/node-haste/node-haste.js
29 silly diff packages/metro-eslint/src/ModuleGraph/node-haste/node-haste.js.flow
29 silly diff packages/metro-eslint/src/ModuleGraph/node-haste/package.json
29 silly diff packages/metro-eslint/src/ModuleGraph/output/dependencies-dot.js
29 silly diff packages/metro-eslint/src/ModuleGraph/output/dependencies-dot.js.flow
29 silly diff packages/metro-eslint/src/ModuleGraph/output/indexed-ram-bundle.js
29 silly diff packages/metro-eslint/src/ModuleGraph/output/indexed-ram-bundle.js.flow
29 silly diff packages/metro-eslint/src/ModuleGraph/output/multiple-files-ram-bundle.js
29 silly diff packages/metro-eslint/src/ModuleGraph/output/multiple-files-ram-bundle.js.flow
29 silly diff packages/metro-eslint/src/ModuleGraph/output/plain-bundle.js
29 silly diff packages/metro-eslint/src/ModuleGraph/output/plain-bundle.js.flow
29 silly diff packages/metro-eslint/src/ModuleGraph/output/source-map.js
29 silly diff packages/metro-eslint/src/ModuleGraph/output/source-map.js.flow
29 silly diff packages/metro-eslint/src/ModuleGraph/output/util.js
29 silly diff packages/metro-eslint/src/ModuleGraph/output/util.js.flow
29 silly diff packages/metro-eslint/src/ModuleGraph/package.json
29 silly diff packages/metro-eslint/src/ModuleGraph/silent-console.js
29 silly diff packages/metro-eslint/src/ModuleGraph/silent-console.js.flow
29 silly diff packages/metro-eslint/src/ModuleGraph/test-helpers.js
29 silly diff packages/metro-eslint/src/ModuleGraph/types.flow.js
29 silly diff packages/metro-eslint/src/ModuleGraph/types.flow.js.flow
29 silly diff packages/metro-eslint/src/ModuleGraph/worker.js
29 silly diff packages/metro-eslint/src/ModuleGraph/worker.js.flow
29 silly diff packages/metro-eslint/src/ModuleGraph/worker/JsFileWrapping.js
29 silly diff packages/metro-eslint/src/ModuleGraph/worker/JsFileWrapping.js.flow
29 silly diff packages/metro-eslint/src/ModuleGraph/worker/Platforms.js
29 silly diff packages/metro-eslint/src/ModuleGraph/worker/Platforms.js.flow
29 silly diff packages/metro-eslint/src/ModuleGraph/worker/collectDependencies.js
29 silly diff packages/metro-eslint/src/ModuleGraph/worker/collectDependencies.js.flow
29 silly diff packages/metro-eslint/src/ModuleGraph/worker/generate.js
29 silly diff packages/metro-eslint/src/ModuleGraph/worker/generate.js.flow
29 silly diff packages/metro-eslint/src/ModuleGraph/worker/optimize-module.js
29 silly diff packages/metro-eslint/src/ModuleGraph/worker/optimize-module.js.flow
29 silly diff packages/metro-eslint/src/ModuleGraph/worker/optimizeDependencies.js
29 silly diff packages/metro-eslint/src/ModuleGraph/worker/optimizeDependencies.js.flow
29 silly diff packages/metro-eslint/src/ModuleGraph/worker/transform-module.js
29 silly diff packages/metro-eslint/src/ModuleGraph/worker/transform-module.js.flow
29 silly diff packages/metro-eslint/src/ModuleGraph/worker/wrap-worker-fn.js
29 silly diff packages/metro-eslint/src/ModuleGraph/worker/wrap-worker-fn.js.flow
29 silly diff packages/metro-eslint/src/Resolver/index.js
29 silly diff packages/metro-eslint/src/Resolver/index.js.flow
29 silly diff packages/metro-eslint/src/Resolver/polyfills/prelude.js
29 silly diff packages/metro-eslint/src/Resolver/polyfills/prelude_dev.js
29 silly diff packages/metro-eslint/src/Resolver/polyfills/require.js
29 silly diff packages/metro-eslint/src/Resolver/polyfills/require.js.flow
29 silly diff packages/metro-eslint/src/Server/MultipartResponse.js
29 silly diff packages/metro-eslint/src/Server/index.js
29 silly diff packages/metro-eslint/src/Server/index.js.flow
29 silly diff packages/metro-eslint/src/Server/symbolicate/package.json
29 silly diff packages/metro-eslint/src/Server/symbolicate/symbolicate.js
29 silly diff packages/metro-eslint/src/Server/symbolicate/symbolicate.js.flow
29 silly diff packages/metro-eslint/src/Server/symbolicate/util.js
29 silly diff packages/metro-eslint/src/Server/symbolicate/util.js.flow
29 silly diff packages/metro-eslint/src/Server/symbolicate/worker.js
29 silly diff packages/metro-eslint/src/__fixtures__/getTransformOptions.js
29 silly diff packages/metro-eslint/src/assetTransformer.js
29 silly diff packages/metro-eslint/src/assetTransformer.js.flow
29 silly diff packages/metro-eslint/src/babelRegisterOnly.js
29 silly diff packages/metro-eslint/src/blacklist.js
29 silly diff packages/metro-eslint/src/cli-utils.js
29 silly diff packages/metro-eslint/src/cli-utils.js.flow
29 silly diff packages/metro-eslint/src/cli.js
29 silly diff packages/metro-eslint/src/cli.js.flow
29 silly diff packages/metro-eslint/src/commands/build.js
29 silly diff packages/metro-eslint/src/commands/build.js.flow
29 silly diff packages/metro-eslint/src/commands/serve.js
29 silly diff packages/metro-eslint/src/commands/serve.js.flow
29 silly diff packages/metro-eslint/src/defaultTransform.js
29 silly diff packages/metro-eslint/src/defaultTransform.js.flow
29 silly diff packages/metro-eslint/src/defaults.js
29 silly diff packages/metro-eslint/src/defaults.js.flow
29 silly diff packages/metro-eslint/src/index.js
29 silly diff packages/metro-eslint/src/index.js.flow
29 silly diff packages/metro-eslint/src/integration_tests/basic_bundle/AssetRegistry.js
29 silly diff packages/metro-eslint/src/integration_tests/basic_bundle/AssetRegistry.js.flow
29 silly diff packages/metro-eslint/src/integration_tests/basic_bundle/Bar.js
29 silly diff packages/metro-eslint/src/integration_tests/basic_bundle/Bar.js.flow
29 silly diff packages/metro-eslint/src/integration_tests/basic_bundle/Foo.js
29 silly diff packages/metro-eslint/src/integration_tests/basic_bundle/Foo.js.flow
29 silly diff packages/metro-eslint/src/integration_tests/basic_bundle/TestBundle.js
29 silly diff packages/metro-eslint/src/integration_tests/basic_bundle/TestBundle.js.flow
29 silly diff packages/metro-eslint/src/integration_tests/basic_bundle/polyfill-1.js
29 silly diff packages/metro-eslint/src/integration_tests/basic_bundle/polyfill-2.js
29 silly diff packages/metro-eslint/src/integration_tests/basic_bundle/test.png
29 silly diff packages/metro-eslint/src/legacy.js
29 silly diff packages/metro-eslint/src/legacy.js.flow
29 silly diff packages/metro-eslint/src/lib/BatchProcessor.js
29 silly diff packages/metro-eslint/src/lib/BatchProcessor.js.flow
29 silly diff packages/metro-eslint/src/lib/GlobalTransformCache.js
29 silly diff packages/metro-eslint/src/lib/GlobalTransformCache.js.flow
29 silly diff packages/metro-eslint/src/lib/JsonReporter.js
29 silly diff packages/metro-eslint/src/lib/JsonReporter.js.flow
29 silly diff packages/metro-eslint/src/lib/SourceMap.js
29 silly diff packages/metro-eslint/src/lib/SourceMap.js.flow
29 silly diff packages/metro-eslint/src/lib/TerminalReporter.js
29 silly diff packages/metro-eslint/src/lib/TerminalReporter.js.flow
29 silly diff packages/metro-eslint/src/lib/TransformCaching.js
29 silly diff packages/metro-eslint/src/lib/TransformCaching.js.flow
29 silly diff packages/metro-eslint/src/lib/addParamsToDefineCall.js
29 silly diff packages/metro-eslint/src/lib/addParamsToDefineCall.js.flow
29 silly diff packages/metro-eslint/src/lib/attachWebsocketServer.js
29 silly diff packages/metro-eslint/src/lib/attachWebsocketServer.js.flow
29 silly diff packages/metro-eslint/src/lib/bundle-modules/HMRClient.js
29 silly diff packages/metro-eslint/src/lib/bundle-modules/HmrClient.js.flow
29 silly diff packages/metro-eslint/src/lib/createModuleIdFactory.js
29 silly diff packages/metro-eslint/src/lib/createModuleIdFactory.js.flow
29 silly diff packages/metro-eslint/src/lib/formatBundlingError.js
29 silly diff packages/metro-eslint/src/lib/formatBundlingError.js.flow
29 silly diff packages/metro-eslint/src/lib/getMaxWorkers.js
29 silly diff packages/metro-eslint/src/lib/getMaxWorkers.js.flow
29 silly diff packages/metro-eslint/src/lib/getOrderedDependencyPaths.js
29 silly diff packages/metro-eslint/src/lib/getOrderedDependencyPaths.js.flow
29 silly diff packages/metro-eslint/src/lib/getPreludeCode.js
29 silly diff packages/metro-eslint/src/lib/getPreludeCode.js.flow
29 silly diff packages/metro-eslint/src/lib/getTransformCacheKeyFn.js
29 silly diff packages/metro-eslint/src/lib/getTransformCacheKeyFn.js.flow
29 silly diff packages/metro-eslint/src/lib/polyfills/require.js
29 silly diff packages/metro-eslint/src/lib/polyfills/require.js.flow
29 silly diff packages/metro-eslint/src/lib/relativizeSourceMap.js
29 silly diff packages/metro-eslint/src/lib/relativizeSourceMap.js.flow
29 silly diff packages/metro-eslint/src/lib/removeInlineRequiresBlacklistFromOptions.js
29 silly diff packages/metro-eslint/src/lib/removeInlineRequiresBlacklistFromOptions.js.flow
29 silly diff packages/metro-eslint/src/lib/reporting.js
29 silly diff packages/metro-eslint/src/lib/reporting.js.flow
29 silly diff packages/metro-eslint/src/node-haste/AssetModule.js
29 silly diff packages/metro-eslint/src/node-haste/AssetModule.js.flow
29 silly diff packages/metro-eslint/src/node-haste/AssetResolutionCache.js
29 silly diff packages/metro-eslint/src/node-haste/AssetResolutionCache.js.flow
29 silly diff packages/metro-eslint/src/node-haste/DependencyGraph.js
29 silly diff packages/metro-eslint/src/node-haste/DependencyGraph.js.flow
29 silly diff packages/metro-eslint/src/node-haste/DependencyGraph/DependencyGraphHelpers.js
29 silly diff packages/metro-eslint/src/node-haste/DependencyGraph/DependencyGraphHelpers.js.flow
29 silly diff packages/metro-eslint/src/node-haste/DependencyGraph/ModuleResolution.js
29 silly diff packages/metro-eslint/src/node-haste/DependencyGraph/ModuleResolution.js.flow
29 silly diff packages/metro-eslint/src/node-haste/DependencyGraph/ResolutionRequest.js
29 silly diff packages/metro-eslint/src/node-haste/DependencyGraph/ResolutionRequest.js.flow
29 silly diff packages/metro-eslint/src/node-haste/DependencyGraph/assets/empty-module.js
29 silly diff packages/metro-eslint/src/node-haste/DependencyGraph/assets/empty-module.js.flow
29 silly diff packages/metro-eslint/src/node-haste/FilesByDirNameIndex.js
29 silly diff packages/metro-eslint/src/node-haste/FilesByDirNameIndex.js.flow
29 silly diff packages/metro-eslint/src/node-haste/Module.js
29 silly diff packages/metro-eslint/src/node-haste/Module.js.flow
29 silly diff packages/metro-eslint/src/node-haste/ModuleCache.js
29 silly diff packages/metro-eslint/src/node-haste/ModuleCache.js.flow
29 silly diff packages/metro-eslint/src/node-haste/Package.js
29 silly diff packages/metro-eslint/src/node-haste/Package.js.flow
29 silly diff packages/metro-eslint/src/node-haste/Polyfill.js
29 silly diff packages/metro-eslint/src/node-haste/Polyfill.js.flow
29 silly diff packages/metro-eslint/src/node-haste/lib/AssetPaths.js
29 silly diff packages/metro-eslint/src/node-haste/lib/AssetPaths.js.flow
29 silly diff packages/metro-eslint/src/node-haste/lib/MapWithDefaults.js
29 silly diff packages/metro-eslint/src/node-haste/lib/MapWithDefaults.js.flow
29 silly diff packages/metro-eslint/src/node-haste/lib/parsePlatformFilePath.js
29 silly diff packages/metro-eslint/src/node-haste/lib/parsePlatformFilePath.js.flow
29 silly diff packages/metro-eslint/src/node-haste/lib/toLocalPath.js
29 silly diff packages/metro-eslint/src/node-haste/lib/toLocalPath.js.flow
29 silly diff packages/metro-eslint/src/node-haste/types.js
29 silly diff packages/metro-eslint/src/node-haste/types.js.flow
29 silly diff packages/metro-eslint/src/rn-cli.config.js
29 silly diff packages/metro-eslint/src/rn-cli.config.js.flow
29 silly diff packages/metro-eslint/src/setupNodePolyfills.js
29 silly diff packages/metro-eslint/src/setupNodePolyfills.js.flow
29 silly diff packages/metro-eslint/src/shared/output/bundle.js
29 silly diff packages/metro-eslint/src/shared/output/bundle.js.flow
29 silly diff packages/metro-eslint/src/shared/output/meta.js
29 silly diff packages/metro-eslint/src/shared/output/meta.js.flow
29 silly diff packages/metro-eslint/src/shared/output/unbundle/as-assets.js
29 silly diff packages/metro-eslint/src/shared/output/unbundle/as-assets.js.flow
29 silly diff packages/metro-eslint/src/shared/output/unbundle/as-indexed-file.js
29 silly diff packages/metro-eslint/src/shared/output/unbundle/as-indexed-file.js.flow
29 silly diff packages/metro-eslint/src/shared/output/unbundle/build-unbundle-sourcemap-with-metadata.js
29 silly diff packages/metro-eslint/src/shared/output/unbundle/build-unbundle-sourcemap-with-metadata.js.flow
29 silly diff packages/metro-eslint/src/shared/output/unbundle/index.js
29 silly diff packages/metro-eslint/src/shared/output/unbundle/index.js.flow
29 silly diff packages/metro-eslint/src/shared/output/unbundle/magic-number.js
29 silly diff packages/metro-eslint/src/shared/output/unbundle/magic-number.js.flow
29 silly diff packages/metro-eslint/src/shared/output/unbundle/util.js
29 silly diff packages/metro-eslint/src/shared/output/unbundle/util.js.flow
29 silly diff packages/metro-eslint/src/shared/output/unbundle/write-sourcemap.js
29 silly diff packages/metro-eslint/src/shared/output/unbundle/write-sourcemap.js.flow
29 silly diff packages/metro-eslint/src/shared/output/writeFile.js
29 silly diff packages/metro-eslint/src/shared/output/writeFile.js.flow
29 silly diff packages/metro-eslint/src/shared/types.flow.js
29 silly diff packages/metro-eslint/src/shared/types.flow.js.flow
29 silly diff packages/metro-eslint/src/transformer.js
29 silly diff packages/metro-eslint/src/transformer.js.flow
29 silly diff packages/metro-eslint/ta-bot/.editorconfig
29 silly diff packages/metro-eslint/ta-bot/Procfile
29 silly diff packages/metro-eslint/ta-bot/README.md
29 silly diff packages/metro-eslint/ta-bot/bin/hubot
29 silly diff packages/metro-eslint/ta-bot/bin/hubot.cmd
29 silly diff packages/metro-eslint/ta-bot/external-scripts.json
29 silly diff packages/metro-eslint/ta-bot/package-lock.json
29 silly diff packages/metro-eslint/ta-bot/package.json
29 silly diff packages/metro-eslint/ta-bot/scripts/example.coffee
30 silly diffSinceIn v0.0.1 packages/stucumber_m
31 silly diff packages/stucumber_m/.tscache/default/timestamp
31 silly diff packages/stucumber_m/Gruntfile.js
31 silly diff packages/stucumber_m/README.md
31 silly diff packages/stucumber_m/dist/lib/cucumber.d.js
31 silly diff packages/stucumber_m/dist/lib/cucumber.d.ts
31 silly diff packages/stucumber_m/dist/lib/cucumber.js
31 silly diff packages/stucumber_m/dist/lib/cucumber.js.map
31 silly diff packages/stucumber_m/dist/lib/data-table.d.ts
31 silly diff packages/stucumber_m/dist/lib/data-table.js
31 silly diff packages/stucumber_m/dist/lib/data-table.js.map
31 silly diff packages/stucumber_m/dist/lib/generic-transformer.d.ts
31 silly diff packages/stucumber_m/dist/lib/generic-transformer.js
31 silly diff packages/stucumber_m/dist/lib/generic-transformer.js.map
31 silly diff packages/stucumber_m/dist/lib/index.d.ts
31 silly diff packages/stucumber_m/dist/lib/index.js
31 silly diff packages/stucumber_m/dist/lib/index.js.map
31 silly diff packages/stucumber_m/dist/lib/parser.js
31 silly diff packages/stucumber_m/dist/lib/transformer.d.ts
31 silly diff packages/stucumber_m/dist/lib/transformer.js
31 silly diff packages/stucumber_m/dist/lib/transformer.js.map
31 silly diff packages/stucumber_m/package-lock.json
31 silly diff packages/stucumber_m/package.json
31 silly diff packages/stucumber_m/peg-transform.js
32 silly diffSinceIn v0.0.1 packages/ta-bot
33 silly diff packages/ta-bot/.editorconfig
33 silly diff packages/ta-bot/Procfile
33 silly diff packages/ta-bot/README.md
33 silly diff packages/ta-bot/bin/hubot
33 silly diff packages/ta-bot/bin/hubot.cmd
33 silly diff packages/ta-bot/external-scripts.json
33 silly diff packages/ta-bot/package-lock.json
33 silly diff packages/ta-bot/package.json
33 silly diff packages/ta-bot/scripts/example.coffee
34 verbose updated component-docs-2md
35 verbose updated crowdPay
36 verbose updated eslint-plugin-iot-course
37 verbose updated lambda-docs-2md
38 verbose updated metro-eslint
39 verbose updated stucumber_m
40 verbose updated TA-Bot
41 info Checking for prereleased packages...
42 silly collectDependents
43 silly isPackageDependentOf component-docs-2md component-docs-2md
44 silly isPackageDependentOf component-docs-2md crowdPay
45 silly isPackageDependentOf component-docs-2md eslint-plugin-iot-course
46 silly isPackageDependentOf component-docs-2md lambda-docs-2md
47 silly isPackageDependentOf component-docs-2md metro-eslint
48 silly isPackageDependentOf component-docs-2md stucumber_m
49 silly isPackageDependentOf component-docs-2md TA-Bot
50 silly isPackageDependentOf crowdPay component-docs-2md
51 silly isPackageDependentOf lambda-docs-2md component-docs-2md
52 silly isPackageDependentOf crowdPay crowdPay
53 silly isPackageDependentOf lambda-docs-2md crowdPay
54 silly isPackageDependentOf crowdPay eslint-plugin-iot-course
55 silly isPackageDependentOf lambda-docs-2md eslint-plugin-iot-course
56 silly isPackageDependentOf crowdPay lambda-docs-2md
57 verbose dependent crowdPay depends on lambda-docs-2md
58 silly isPackageDependentOf crowdPay metro-eslint
59 silly isPackageDependentOf lambda-docs-2md metro-eslint
60 silly isPackageDependentOf crowdPay stucumber_m
61 silly isPackageDependentOf lambda-docs-2md stucumber_m
62 silly isPackageDependentOf crowdPay TA-Bot
63 silly isPackageDependentOf lambda-docs-2md TA-Bot
64 silly isPackageDependentOf eslint-plugin-iot-course component-docs-2md
65 silly isPackageDependentOf eslint-plugin-iot-course crowdPay
66 silly isPackageDependentOf eslint-plugin-iot-course eslint-plugin-iot-course
67 silly isPackageDependentOf eslint-plugin-iot-course lambda-docs-2md
68 silly isPackageDependentOf eslint-plugin-iot-course metro-eslint
69 silly isPackageDependentOf eslint-plugin-iot-course stucumber_m
70 silly isPackageDependentOf eslint-plugin-iot-course TA-Bot
71 silly isPackageDependentOf lambda-docs-2md component-docs-2md
72 silly isPackageDependentOf lambda-docs-2md crowdPay
73 silly isPackageDependentOf lambda-docs-2md eslint-plugin-iot-course
74 silly isPackageDependentOf lambda-docs-2md lambda-docs-2md
75 silly isPackageDependentOf lambda-docs-2md metro-eslint
76 silly isPackageDependentOf lambda-docs-2md stucumber_m
77 silly isPackageDependentOf lambda-docs-2md TA-Bot
78 silly isPackageDependentOf metro-eslint component-docs-2md
79 silly isPackageDependentOf metro-eslint crowdPay
80 silly isPackageDependentOf metro-eslint eslint-plugin-iot-course
81 silly isPackageDependentOf metro-eslint lambda-docs-2md
82 silly isPackageDependentOf metro-eslint metro-eslint
83 silly isPackageDependentOf metro-eslint stucumber_m
84 silly isPackageDependentOf metro-eslint TA-Bot
85 silly isPackageDependentOf stucumber_m component-docs-2md
86 silly isPackageDependentOf stucumber_m crowdPay
87 silly isPackageDependentOf stucumber_m eslint-plugin-iot-course
88 silly isPackageDependentOf stucumber_m lambda-docs-2md
89 silly isPackageDependentOf stucumber_m metro-eslint
90 silly isPackageDependentOf stucumber_m stucumber_m
91 silly isPackageDependentOf stucumber_m TA-Bot
92 silly isPackageDependentOf TA-Bot component-docs-2md
93 silly isPackageDependentOf TA-Bot crowdPay
94 silly isPackageDependentOf TA-Bot eslint-plugin-iot-course
95 silly isPackageDependentOf TA-Bot lambda-docs-2md
96 silly isPackageDependentOf TA-Bot metro-eslint
97 silly isPackageDependentOf TA-Bot stucumber_m
98 silly isPackageDependentOf TA-Bot TA-Bot
99 silly collectUpdates
100 verbose has filtered update component-docs-2md
101 verbose has filtered update crowdPay
102 verbose has filtered update eslint-plugin-iot-course
103 verbose has filtered update lambda-docs-2md
104 verbose has filtered update metro-eslint
105 verbose has filtered update stucumber_m
106 verbose has filtered update TA-Bot
107 silly initialize success
108 silly execute attempt
109 silly addFile /Users/joe/Build/iot-course/.org/lerna.json
110 silly runScriptSync preversion undefined
111 silly runScriptSync preversion component-docs-2md
112 silly runScriptSync version component-docs-2md
113 silly runScriptSync preversion crowdPay
114 silly runScriptSync version crowdPay
115 silly runScriptSync preversion eslint-plugin-iot-course
116 silly runScriptSync version eslint-plugin-iot-course
117 silly runScriptSync preversion lambda-docs-2md
118 silly runScriptSync version lambda-docs-2md
119 silly runScriptSync preversion metro-eslint
120 silly runScriptSync version metro-eslint
121 silly runScriptSync preversion stucumber_m
122 silly runScriptSync version stucumber_m
123 silly runScriptSync preversion TA-Bot
124 silly runScriptSync version TA-Bot
125 silly runScriptSync version undefined
126 silly addFile /Users/joe/Build/iot-course/.org/packages/component-docs-2md/package.json
127 silly addFile /Users/joe/Build/iot-course/.org/packages/crowdPay/package.json
128 silly addFile /Users/joe/Build/iot-course/.org/packages/eslint-plugin/package.json
129 silly addFile /Users/joe/Build/iot-course/.org/packages/lambda-docs-2md/package.json
130 silly addFile /Users/joe/Build/iot-course/.org/packages/metro-eslint/package.json
131 silly addFile /Users/joe/Build/iot-course/.org/packages/stucumber_m/package.json
132 silly addFile /Users/joe/Build/iot-course/.org/packages/ta-bot/package.json
133 silly commit v0.0.2
134 verbose commit [ 'commit', '--no-verify', '-m', 'v0.0.2' ]
135 silly addTag v0.0.2
136 silly runScriptSync postversion component-docs-2md
137 silly runScriptSync postversion crowdPay
138 silly runScriptSync postversion eslint-plugin-iot-course
139 silly runScriptSync postversion lambda-docs-2md
140 silly runScriptSync postversion metro-eslint
141 silly runScriptSync postversion stucumber_m
142 silly runScriptSync postversion TA-Bot
143 silly runScriptSync postversion undefined
144 info publish Publishing packages to npm...
145 silly existsSync /Users/joe/Build/iot-course/.org/packages/component-docs-2md/scripts/prepublish.js
146 verbose execScript No prepublish script found at /Users/joe/Build/iot-course/.org/packages/component-docs-2md/scripts/prepublish.js
147 silly existsSync /Users/joe/Build/iot-course/.org/packages/crowdPay/scripts/prepublish.js
148 verbose execScript No prepublish script found at /Users/joe/Build/iot-course/.org/packages/crowdPay/scripts/prepublish.js
149 silly existsSync /Users/joe/Build/iot-course/.org/packages/eslint-plugin/scripts/prepublish.js
150 verbose execScript No prepublish script found at /Users/joe/Build/iot-course/.org/packages/eslint-plugin/scripts/prepublish.js
151 silly existsSync /Users/joe/Build/iot-course/.org/packages/lambda-docs-2md/scripts/prepublish.js
152 verbose execScript No prepublish script found at /Users/joe/Build/iot-course/.org/packages/lambda-docs-2md/scripts/prepublish.js
153 silly existsSync /Users/joe/Build/iot-course/.org/packages/metro-eslint/scripts/prepublish.js
154 verbose execScript No prepublish script found at /Users/joe/Build/iot-course/.org/packages/metro-eslint/scripts/prepublish.js
155 silly existsSync /Users/joe/Build/iot-course/.org/packages/stucumber_m/scripts/prepublish.js
156 verbose execScript No prepublish script found at /Users/joe/Build/iot-course/.org/packages/stucumber_m/scripts/prepublish.js
157 silly existsSync /Users/joe/Build/iot-course/.org/packages/ta-bot/scripts/prepublish.js
158 verbose execScript No prepublish script found at /Users/joe/Build/iot-course/.org/packages/ta-bot/scripts/prepublish.js
159 verbose publishing component-docs-2md
160 silly publishTaggedInDir latest component-docs-2md
161 silly getExecOpts { cwd: '/Users/joe/Build/iot-course/.org/packages/component-docs-2md' }
162 verbose publishing eslint-plugin-iot-course
163 silly publishTaggedInDir latest eslint-plugin
164 silly getExecOpts { cwd: '/Users/joe/Build/iot-course/.org/packages/eslint-plugin' }
165 verbose publishing lambda-docs-2md
166 silly publishTaggedInDir latest lambda-docs-2md
167 silly getExecOpts { cwd: '/Users/joe/Build/iot-course/.org/packages/lambda-docs-2md' }
168 verbose publishing metro-eslint
169 silly publishTaggedInDir latest metro-eslint
170 silly getExecOpts { cwd: '/Users/joe/Build/iot-course/.org/packages/metro-eslint' }
171 info published eslint-plugin-iot-course
172 silly existsSync /Users/joe/Build/iot-course/.org/packages/eslint-plugin/scripts/postpublish.js
173 verbose execScript No postpublish script found at /Users/joe/Build/iot-course/.org/packages/eslint-plugin/scripts/postpublish.js
174 verbose publishing stucumber_m
175 silly publishTaggedInDir latest stucumber_m
176 silly getExecOpts { cwd: '/Users/joe/Build/iot-course/.org/packages/stucumber_m' }
177 info published component-docs-2md
178 silly existsSync /Users/joe/Build/iot-course/.org/packages/component-docs-2md/scripts/postpublish.js
179 verbose execScript No postpublish script found at /Users/joe/Build/iot-course/.org/packages/component-docs-2md/scripts/postpublish.js
180 info published lambda-docs-2md
181 silly existsSync /Users/joe/Build/iot-course/.org/packages/lambda-docs-2md/scripts/postpublish.js
182 verbose execScript No postpublish script found at /Users/joe/Build/iot-course/.org/packages/lambda-docs-2md/scripts/postpublish.js
183 info published metro-eslint
184 silly existsSync /Users/joe/Build/iot-course/.org/packages/metro-eslint/scripts/postpublish.js
185 verbose execScript No postpublish script found at /Users/joe/Build/iot-course/.org/packages/metro-eslint/scripts/postpublish.js
186 info published stucumber_m
187 silly existsSync /Users/joe/Build/iot-course/.org/packages/stucumber_m/scripts/postpublish.js
188 verbose execScript No postpublish script found at /Users/joe/Build/iot-course/.org/packages/stucumber_m/scripts/postpublish.js
189 verbose publishing crowdPay
190 silly publishTaggedInDir latest crowdPay
191 silly getExecOpts { cwd: '/Users/joe/Build/iot-course/.org/packages/crowdPay' }
192 error publish Retrying failed publish: crowdPay
193 verbose publish error undefined
194 verbose publishing crowdPay
195 silly publishTaggedInDir latest crowdPay
196 silly getExecOpts { cwd: '/Users/joe/Build/iot-course/.org/packages/crowdPay' }
197 error publish Retrying failed publish: crowdPay
198 verbose publish error undefined
199 verbose publishing crowdPay
200 silly publishTaggedInDir latest crowdPay
201 silly getExecOpts { cwd: '/Users/joe/Build/iot-course/.org/packages/crowdPay' }
202 error publish Retrying failed publish: crowdPay
203 verbose publish error undefined
204 verbose publishing crowdPay
205 silly publishTaggedInDir latest crowdPay
206 silly getExecOpts { cwd: '/Users/joe/Build/iot-course/.org/packages/crowdPay' }
207 error publish Retrying failed publish: crowdPay
208 verbose publish error undefined
209 verbose publishing crowdPay
210 silly publishTaggedInDir latest crowdPay
211 silly getExecOpts { cwd: '/Users/joe/Build/iot-course/.org/packages/crowdPay' }
212 error publish Ran out of retries while publishing crowdPay Error: Command failed: npm publish --tag latest
212 error publish npm ERR! publish Failed PUT 400
212 error publish npm ERR! code E400
212 error publish npm ERR! "crowdPay" is invalid for new packages : crowdPay
212 error publish
212 error publish npm ERR! A complete log of this run can be found in:
212 error publish npm ERR!     /Users/joe/.npm/_logs/2018-02-03T18_20_59_683Z-debug.log
212 error publish
212 error publish     at Promise.all.then.arr (/Users/joe/.nvm/versions/node/v8.9.4/lib/node_modules/lerna/node_modules/execa/index.js:236:11)
212 error publish     at <anonymous>
212 error publish     at process._tickCallback (internal/process/next_tick.js:188:7)
213 error execute callback with error
214 error Error: Command failed: npm publish --tag latest
214 error npm ERR! publish Failed PUT 400
214 error npm ERR! code E400
214 error npm ERR! "crowdPay" is invalid for new packages : crowdPay
214 error
214 error npm ERR! A complete log of this run can be found in:
214 error npm ERR!     /Users/joe/.npm/_logs/2018-02-03T18_20_59_683Z-debug.log
214 error
214 error     at Promise.all.then.arr (/Users/joe/.nvm/versions/node/v8.9.4/lib/node_modules/lerna/node_modules/execa/index.js:236:11)
214 error     at <anonymous>
